  [1m[35m (15.8ms)[0m  [1m[35mCREATE TABLE "schema_migrations" ("version" character varying NOT NULL PRIMARY KEY)[0m
  [1m[35m (7.6ms)[0m  [1m[35mCREATE TABLE "ar_internal_metadata" ("key" character varying NOT NULL PRIMARY KEY, "value" character varying, "created_at" timestamp NOT NULL, "updated_at" timestamp NOT NULL)[0m
  [1m[35m (0.2ms)[0m  [1m[34mSELECT pg_try_advisory_lock(1514800627635587250)[0m
  [1m[35m (0.5ms)[0m  [1m[34mSELECT "schema_migrations"."version" FROM "schema_migrations" ORDER BY "schema_migrations"."version" ASC[0m
Migrating to CreateTypeMidia (20180328202921)
  [1m[35m (0.2ms)[0m  [1m[35mBEGIN[0m
  [1m[35m (7.8ms)[0m  [1m[35mCREATE TABLE "type_midia" ("id" bigserial primary key, "tmidia_name" character varying, "created_at" timestamp NOT NULL, "updated_at" timestamp NOT NULL)[0m
  [1m[35mSQL (1.1ms)[0m  [1m[32mINSERT INTO "schema_migrations" ("version") VALUES ($1) RETURNING "version"[0m  [["version", "20180328202921"]]
  [1m[35m (0.8ms)[0m  [1m[35mCOMMIT[0m
Migrating to CreateMidia (20180328202932)
  [1m[35m (0.2ms)[0m  [1m[35mBEGIN[0m
  [1m[35m (14.1ms)[0m  [1m[35mCREATE TABLE "midia" ("id" bigserial primary key, "midia_name" character varying, "midia_date" character varying, "midia_url" character varying, "type_midia_id" bigint, "created_at" timestamp NOT NULL, "updated_at" timestamp NOT NULL, CONSTRAINT "fk_rails_3ddedeb070"
FOREIGN KEY ("type_midia_id")
  REFERENCES "type_midia" ("id")
)[0m
  [1m[35m (1.4ms)[0m  [1m[35mCREATE  INDEX  "index_midia_on_type_midia_id" ON "midia"  ("type_midia_id")[0m
  [1m[35mSQL (0.4ms)[0m  [1m[32mINSERT INTO "schema_migrations" ("version") VALUES ($1) RETURNING "version"[0m  [["version", "20180328202932"]]
  [1m[35m (6.7ms)[0m  [1m[35mCOMMIT[0m
Migrating to CreateSocials (20180328202939)
  [1m[35m (0.3ms)[0m  [1m[35mBEGIN[0m
  [1m[35m (4.1ms)[0m  [1m[35mCREATE TABLE "socials" ("id" bigserial primary key, "social_name" character varying, "social_link" character varying, "social_status" boolean, "midia_id" bigint, "created_at" timestamp NOT NULL, "updated_at" timestamp NOT NULL, CONSTRAINT "fk_rails_9e5b2af638"
FOREIGN KEY ("midia_id")
  REFERENCES "midia" ("id")
)[0m
  [1m[35m (1.3ms)[0m  [1m[35mCREATE  INDEX  "index_socials_on_midia_id" ON "socials"  ("midia_id")[0m
  [1m[35mSQL (0.8ms)[0m  [1m[32mINSERT INTO "schema_migrations" ("version") VALUES ($1) RETURNING "version"[0m  [["version", "20180328202939"]]
  [1m[35m (0.6ms)[0m  [1m[35mCOMMIT[0m
Migrating to CreateApplications (20180328202948)
  [1m[35m (0.3ms)[0m  [1m[35mBEGIN[0m
  [1m[35m (8.5ms)[0m  [1m[35mCREATE TABLE "applications" ("id" bigserial primary key, "application_name" character varying, "created_at" timestamp NOT NULL, "updated_at" timestamp NOT NULL)[0m
  [1m[35mSQL (0.9ms)[0m  [1m[32mINSERT INTO "schema_migrations" ("version") VALUES ($1) RETURNING "version"[0m  [["version", "20180328202948"]]
  [1m[35m (2.2ms)[0m  [1m[35mCOMMIT[0m
Migrating to CreateProducts (20180328202955)
  [1m[35m (0.2ms)[0m  [1m[35mBEGIN[0m
  [1m[35m (4.2ms)[0m  [1m[35mCREATE TABLE "products" ("id" bigserial primary key, "product_name" character varying, "product_description" text, "product_status" boolean, "midia_id" bigint, "created_at" timestamp NOT NULL, "updated_at" timestamp NOT NULL, CONSTRAINT "fk_rails_1afb9991f5"
FOREIGN KEY ("midia_id")
  REFERENCES "midia" ("id")
)[0m
  [1m[35m (1.5ms)[0m  [1m[35mCREATE  INDEX  "index_products_on_midia_id" ON "products"  ("midia_id")[0m
  [1m[35mSQL (0.4ms)[0m  [1m[32mINSERT INTO "schema_migrations" ("version") VALUES ($1) RETURNING "version"[0m  [["version", "20180328202955"]]
  [1m[35m (1.0ms)[0m  [1m[35mCOMMIT[0m
Migrating to CreateApplicationProducts (20180328203033)
  [1m[35m (0.2ms)[0m  [1m[35mBEGIN[0m
  [1m[35m (4.3ms)[0m  [1m[35mCREATE TABLE "application_products" ("id" bigserial primary key, "aproduct_status" character varying, "product_id" bigint, "application_id" bigint, "created_at" timestamp NOT NULL, "updated_at" timestamp NOT NULL, CONSTRAINT "fk_rails_0279696cf1"
FOREIGN KEY ("product_id")
  REFERENCES "products" ("id")
, CONSTRAINT "fk_rails_3a082fd3b9"
FOREIGN KEY ("application_id")
  REFERENCES "applications" ("id")
)[0m
  [1m[35m (6.0ms)[0m  [1m[35mCREATE  INDEX  "index_application_products_on_product_id" ON "application_products"  ("product_id")[0m
  [1m[35m (2.5ms)[0m  [1m[35mCREATE  INDEX  "index_application_products_on_application_id" ON "application_products"  ("application_id")[0m
  [1m[35mSQL (2.2ms)[0m  [1m[32mINSERT INTO "schema_migrations" ("version") VALUES ($1) RETURNING "version"[0m  [["version", "20180328203033"]]
  [1m[35m (0.5ms)[0m  [1m[35mCOMMIT[0m
Migrating to CreateCatCtrlQualities (20180328203034)
  [1m[35m (0.2ms)[0m  [1m[35mBEGIN[0m
  [1m[35m (3.6ms)[0m  [1m[35mCREATE TABLE "cat_ctrl_qualities" ("id" bigserial primary key, "ccquality_name" character varying, "created_at" timestamp NOT NULL, "updated_at" timestamp NOT NULL)[0m
  [1m[35mSQL (0.3ms)[0m  [1m[32mINSERT INTO "schema_migrations" ("version") VALUES ($1) RETURNING "version"[0m  [["version", "20180328203034"]]
  [1m[35m (1.5ms)[0m  [1m[35mCOMMIT[0m
Migrating to CreateSubCatCtrlQualities (20180328203035)
  [1m[35m (0.2ms)[0m  [1m[35mBEGIN[0m
  [1m[35m (3.9ms)[0m  [1m[35mCREATE TABLE "sub_cat_ctrl_qualities" ("id" bigserial primary key, "sccquality_name" character varying, "cat_ctrl_quality_id" bigint, "created_at" timestamp NOT NULL, "updated_at" timestamp NOT NULL, CONSTRAINT "fk_rails_4c763be326"
FOREIGN KEY ("cat_ctrl_quality_id")
  REFERENCES "cat_ctrl_qualities" ("id")
)[0m
  [1m[35m (11.0ms)[0m  [1m[35mCREATE  INDEX  "index_sub_cat_ctrl_qualities_on_cat_ctrl_quality_id" ON "sub_cat_ctrl_qualities"  ("cat_ctrl_quality_id")[0m
  [1m[35mSQL (0.5ms)[0m  [1m[32mINSERT INTO "schema_migrations" ("version") VALUES ($1) RETURNING "version"[0m  [["version", "20180328203035"]]
  [1m[35m (1.1ms)[0m  [1m[35mCOMMIT[0m
Migrating to CreateCtrlQualities (20180328203036)
  [1m[35m (0.2ms)[0m  [1m[35mBEGIN[0m
  [1m[35m (4.3ms)[0m  [1m[35mCREATE TABLE "ctrl_qualities" ("id" bigserial primary key, "cquality_value" float, "cquality_date" character varying, "sub_cat_ctrl_quality_id" bigint, "product_id" bigint, "created_at" timestamp NOT NULL, "updated_at" timestamp NOT NULL, CONSTRAINT "fk_rails_5294aa703a"
FOREIGN KEY ("sub_cat_ctrl_quality_id")
  REFERENCES "sub_cat_ctrl_qualities" ("id")
, CONSTRAINT "fk_rails_746ee84e97"
FOREIGN KEY ("product_id")
  REFERENCES "products" ("id")
)[0m
  [1m[35m (1.3ms)[0m  [1m[35mCREATE  INDEX  "index_ctrl_qualities_on_sub_cat_ctrl_quality_id" ON "ctrl_qualities"  ("sub_cat_ctrl_quality_id")[0m
  [1m[35m (1.2ms)[0m  [1m[35mCREATE  INDEX  "index_ctrl_qualities_on_product_id" ON "ctrl_qualities"  ("product_id")[0m
  [1m[35mSQL (0.4ms)[0m  [1m[32mINSERT INTO "schema_migrations" ("version") VALUES ($1) RETURNING "version"[0m  [["version", "20180328203036"]]
  [1m[35m (1.3ms)[0m  [1m[35mCOMMIT[0m
Migrating to CreateEndFactories (20180328203037)
  [1m[35m (0.2ms)[0m  [1m[35mBEGIN[0m
  [1m[35m (11.1ms)[0m  [1m[35mCREATE TABLE "end_factories" ("id" bigserial primary key, "efactory_country" character varying, "efactory_state" character varying, "efactory_city" character varying, "efactory_burgh" character varying, "efactory_street" character varying, "efactory_zipcode" character varying, "efactory_longitude" character varying, "efactory_latitude" character varying, "created_at" timestamp NOT NULL, "updated_at" timestamp NOT NULL)[0m
  [1m[35mSQL (0.5ms)[0m  [1m[32mINSERT INTO "schema_migrations" ("version") VALUES ($1) RETURNING "version"[0m  [["version", "20180328203037"]]
  [1m[35m (1.4ms)[0m  [1m[35mCOMMIT[0m
Migrating to CreateFacContacts (20180328203038)
  [1m[35m (0.3ms)[0m  [1m[35mBEGIN[0m
  [1m[35m (4.8ms)[0m  [1m[35mCREATE TABLE "fac_contacts" ("id" bigserial primary key, "fcontact_name" character varying, "fcontact_mail" character varying, "fcontact_tel" character varying, "fcontact_cel" character varying, "fcontact_hours" character varying, "fcontact_status" boolean, "midia_id" bigint, "end_factory_id" bigint, "created_at" timestamp NOT NULL, "updated_at" timestamp NOT NULL, CONSTRAINT "fk_rails_08dc1ff666"
FOREIGN KEY ("midia_id")
  REFERENCES "midia" ("id")
, CONSTRAINT "fk_rails_38d05ff69c"
FOREIGN KEY ("end_factory_id")
  REFERENCES "end_factories" ("id")
)[0m
  [1m[35m (1.4ms)[0m  [1m[35mCREATE  INDEX  "index_fac_contacts_on_midia_id" ON "fac_contacts"  ("midia_id")[0m
  [1m[35m (1.3ms)[0m  [1m[35mCREATE  INDEX  "index_fac_contacts_on_end_factory_id" ON "fac_contacts"  ("end_factory_id")[0m
  [1m[35mSQL (0.4ms)[0m  [1m[32mINSERT INTO "schema_migrations" ("version") VALUES ($1) RETURNING "version"[0m  [["version", "20180328203038"]]
  [1m[35m (3.7ms)[0m  [1m[35mCOMMIT[0m
Migrating to CreateCompanies (20180328203039)
  [1m[35m (5.1ms)[0m  [1m[35mBEGIN[0m
  [1m[35m (9.7ms)[0m  [1m[35mCREATE TABLE "companies" ("id" bigserial primary key, "company_name" character varying, "company_description" text, "midia_id" bigint, "fac_contact_id" bigint, "created_at" timestamp NOT NULL, "updated_at" timestamp NOT NULL, CONSTRAINT "fk_rails_1956b178ce"
FOREIGN KEY ("midia_id")
  REFERENCES "midia" ("id")
, CONSTRAINT "fk_rails_94f2b60022"
FOREIGN KEY ("fac_contact_id")
  REFERENCES "fac_contacts" ("id")
)[0m
  [1m[35m (1.5ms)[0m  [1m[35mCREATE  INDEX  "index_companies_on_midia_id" ON "companies"  ("midia_id")[0m
  [1m[35m (1.4ms)[0m  [1m[35mCREATE  INDEX  "index_companies_on_fac_contact_id" ON "companies"  ("fac_contact_id")[0m
  [1m[35mSQL (0.4ms)[0m  [1m[32mINSERT INTO "schema_migrations" ("version") VALUES ($1) RETURNING "version"[0m  [["version", "20180328203039"]]
  [1m[35m (0.8ms)[0m  [1m[35mCOMMIT[0m
Migrating to CreateMenus (20180328203040)
  [1m[35m (0.2ms)[0m  [1m[35mBEGIN[0m
  [1m[35m (4.8ms)[0m  [1m[35mCREATE TABLE "menus" ("id" bigserial primary key, "menu_name" character varying, "menu_status" boolean, "created_at" timestamp NOT NULL, "updated_at" timestamp NOT NULL)[0m
  [1m[35mSQL (0.4ms)[0m  [1m[32mINSERT INTO "schema_migrations" ("version") VALUES ($1) RETURNING "version"[0m  [["version", "20180328203040"]]
  [1m[35m (4.1ms)[0m  [1m[35mCOMMIT[0m
Migrating to CreateSubMenus (20180328203041)
  [1m[35m (0.4ms)[0m  [1m[35mBEGIN[0m
  [1m[35m (4.4ms)[0m  [1m[35mCREATE TABLE "sub_menus" ("id" bigserial primary key, "smenu_name" character varying, "smenu_status" boolean, "menu_id" bigint, "created_at" timestamp NOT NULL, "updated_at" timestamp NOT NULL, CONSTRAINT "fk_rails_7686ca569d"
FOREIGN KEY ("menu_id")
  REFERENCES "menus" ("id")
)[0m
  [1m[35m (1.3ms)[0m  [1m[35mCREATE  INDEX  "index_sub_menus_on_menu_id" ON "sub_menus"  ("menu_id")[0m
  [1m[35mSQL (0.3ms)[0m  [1m[32mINSERT INTO "schema_migrations" ("version") VALUES ($1) RETURNING "version"[0m  [["version", "20180328203041"]]
  [1m[35m (0.6ms)[0m  [1m[35mCOMMIT[0m
Migrating to CreateUsers (20180328203042)
  [1m[35m (0.2ms)[0m  [1m[35mBEGIN[0m
  [1m[35m (6.5ms)[0m  [1m[35mCREATE TABLE "users" ("id" bigserial primary key, "user_fname" character varying, "user_lname" character varying, "user_departament" character varying, "company_id" bigint, "access_id" bigint, "created_at" timestamp NOT NULL, "updated_at" timestamp NOT NULL, CONSTRAINT "fk_rails_7682a3bdfe"
FOREIGN KEY ("company_id")
  REFERENCES "companies" ("id")
, CONSTRAINT "fk_rails_d233616184"
FOREIGN KEY ("access_id")
  REFERENCES "accesses" ("id")
)[0m
  [1m[35m (0.2ms)[0m  [1m[31mROLLBACK[0m
  [1m[35m (0.3ms)[0m  [1m[34mSELECT pg_advisory_unlock(1514800627635587250)[0m
  [1m[35m (0.7ms)[0m  [1m[34mSELECT pg_try_advisory_lock(1514800627635587250)[0m
  [1m[35m (4.4ms)[0m  [1m[34mSELECT "schema_migrations"."version" FROM "schema_migrations" ORDER BY "schema_migrations"."version" ASC[0m
Migrating to CreateTypeMidia (20180402143437)
  [1m[35m (0.2ms)[0m  [1m[35mBEGIN[0m
  [1m[35m (44.6ms)[0m  [1m[35mCREATE TABLE "type_midia" ("id" bigserial primary key, "tmidia_name" character varying, "created_at" timestamp NOT NULL, "updated_at" timestamp NOT NULL)[0m
  [1m[35m (0.6ms)[0m  [1m[31mROLLBACK[0m
  [1m[35m (0.3ms)[0m  [1m[34mSELECT pg_advisory_unlock(1514800627635587250)[0m
  [1m[35m (0.6ms)[0m  [1m[34mSELECT "schema_migrations"."version" FROM "schema_migrations" ORDER BY "schema_migrations"."version" ASC[0m
  [1m[35m (1.3ms)[0m  [1m[34mSELECT "ar_internal_metadata"."value" FROM "ar_internal_metadata" WHERE "ar_internal_metadata"."key" = $1[0m  [["key", "environment"]]
  [1m[35m (0.9ms)[0m  [1m[34mSELECT "schema_migrations"."version" FROM "schema_migrations" ORDER BY "schema_migrations"."version" ASC[0m
  [1m[35m (0.4ms)[0m  [1m[34mSELECT "ar_internal_metadata"."value" FROM "ar_internal_metadata" WHERE "ar_internal_metadata"."key" = $1[0m  [["key", "environment"]]
  [1m[35m (0.7ms)[0m  [1m[34mSELECT "schema_migrations"."version" FROM "schema_migrations" ORDER BY "schema_migrations"."version" ASC[0m
  [1m[35m (0.3ms)[0m  [1m[34mSELECT "ar_internal_metadata"."value" FROM "ar_internal_metadata" WHERE "ar_internal_metadata"."key" = $1[0m  [["key", "environment"]]
  [1m[35m (0.5ms)[0m  [1m[34mSELECT "schema_migrations"."version" FROM "schema_migrations" ORDER BY "schema_migrations"."version" ASC[0m
  [1m[35m (0.3ms)[0m  [1m[34mSELECT "ar_internal_metadata"."value" FROM "ar_internal_metadata" WHERE "ar_internal_metadata"."key" = $1[0m  [["key", "environment"]]
  [1m[35m (0.6ms)[0m  [1m[34mSELECT "schema_migrations"."version" FROM "schema_migrations" ORDER BY "schema_migrations"."version" ASC[0m
  [1m[35m (0.3ms)[0m  [1m[34mSELECT "ar_internal_metadata"."value" FROM "ar_internal_metadata" WHERE "ar_internal_metadata"."key" = $1[0m  [["key", "environment"]]
  [1m[35m (0.1ms)[0m  [1m[34mSELECT pg_try_advisory_lock(1514800627635587250)[0m
  [1m[35m (0.5ms)[0m  [1m[34mSELECT "schema_migrations"."version" FROM "schema_migrations" ORDER BY "schema_migrations"."version" ASC[0m
Migrating to CreateTypeMidia (20180402143437)
  [1m[35m (0.2ms)[0m  [1m[35mBEGIN[0m
  [1m[35m (4.1ms)[0m  [1m[35mCREATE TABLE "type_midia" ("id" bigserial primary key, "tmidia_name" character varying, "created_at" timestamp NOT NULL, "updated_at" timestamp NOT NULL)[0m
  [1m[35m (0.1ms)[0m  [1m[31mROLLBACK[0m
  [1m[35m (0.2ms)[0m  [1m[34mSELECT pg_advisory_unlock(1514800627635587250)[0m
  [1m[35m (26.8ms)[0m  [1m[35mCREATE TABLE "schema_migrations" ("version" character varying NOT NULL PRIMARY KEY)[0m
  [1m[35m (5.2ms)[0m  [1m[35mCREATE TABLE "ar_internal_metadata" ("key" character varying NOT NULL PRIMARY KEY, "value" character varying, "created_at" timestamp NOT NULL, "updated_at" timestamp NOT NULL)[0m
  [1m[35m (0.2ms)[0m  [1m[34mSELECT pg_try_advisory_lock(1514800627635587250)[0m
  [1m[35m (0.5ms)[0m  [1m[34mSELECT "schema_migrations"."version" FROM "schema_migrations" ORDER BY "schema_migrations"."version" ASC[0m
Migrating to CreateTypeMidia (20180402143437)
  [1m[35m (0.1ms)[0m  [1m[35mBEGIN[0m
  [1m[35m (7.7ms)[0m  [1m[35mCREATE TABLE "type_midia" ("id" bigserial primary key, "tmidia_name" character varying, "created_at" timestamp NOT NULL, "updated_at" timestamp NOT NULL)[0m
  [1m[35mSQL (4.7ms)[0m  [1m[32mINSERT INTO "schema_migrations" ("version") VALUES ($1) RETURNING "version"[0m  [["version", "20180402143437"]]
  [1m[35m (1.9ms)[0m  [1m[35mCOMMIT[0m
Migrating to CreateMidia (20180402143438)
  [1m[35m (0.1ms)[0m  [1m[35mBEGIN[0m
  [1m[35m (18.5ms)[0m  [1m[35mCREATE TABLE "midia" ("id" bigserial primary key, "midia_name" character varying, "midia_date" character varying, "midia_url" character varying, "type_midia_id" bigint, "created_at" timestamp NOT NULL, "updated_at" timestamp NOT NULL, CONSTRAINT "fk_rails_3ddedeb070"
FOREIGN KEY ("type_midia_id")
  REFERENCES "type_midia" ("id")
)[0m
  [1m[35m (2.3ms)[0m  [1m[35mCREATE  INDEX  "index_midia_on_type_midia_id" ON "midia"  ("type_midia_id")[0m
  [1m[35mSQL (0.4ms)[0m  [1m[32mINSERT INTO "schema_migrations" ("version") VALUES ($1) RETURNING "version"[0m  [["version", "20180402143438"]]
  [1m[35m (1.5ms)[0m  [1m[35mCOMMIT[0m
Migrating to CreateSocials (20180402143439)
  [1m[35m (0.1ms)[0m  [1m[35mBEGIN[0m
  [1m[35m (5.7ms)[0m  [1m[35mCREATE TABLE "socials" ("id" bigserial primary key, "social_name" character varying, "social_link" character varying, "social_status" boolean, "midia_id" bigint, "created_at" timestamp NOT NULL, "updated_at" timestamp NOT NULL, CONSTRAINT "fk_rails_9e5b2af638"
FOREIGN KEY ("midia_id")
  REFERENCES "midia" ("id")
)[0m
  [1m[35m (8.4ms)[0m  [1m[35mCREATE  INDEX  "index_socials_on_midia_id" ON "socials"  ("midia_id")[0m
  [1m[35mSQL (0.6ms)[0m  [1m[32mINSERT INTO "schema_migrations" ("version") VALUES ($1) RETURNING "version"[0m  [["version", "20180402143439"]]
  [1m[35m (3.6ms)[0m  [1m[35mCOMMIT[0m
Migrating to CreateApps (20180402143440)
  [1m[35m (0.2ms)[0m  [1m[35mBEGIN[0m
  [1m[35m (4.6ms)[0m  [1m[35mCREATE TABLE "apps" ("id" bigserial primary key, "app_name" character varying, "created_at" timestamp NOT NULL, "updated_at" timestamp NOT NULL)[0m
  [1m[35mSQL (0.4ms)[0m  [1m[32mINSERT INTO "schema_migrations" ("version") VALUES ($1) RETURNING "version"[0m  [["version", "20180402143440"]]
  [1m[35m (0.9ms)[0m  [1m[35mCOMMIT[0m
Migrating to CreateProducts (20180402143441)
  [1m[35m (0.1ms)[0m  [1m[35mBEGIN[0m
  [1m[35m (5.5ms)[0m  [1m[35mCREATE TABLE "products" ("id" bigserial primary key, "product_name" character varying, "product_description" text, "product_status" boolean, "midia_id" bigint, "created_at" timestamp NOT NULL, "updated_at" timestamp NOT NULL, CONSTRAINT "fk_rails_1afb9991f5"
FOREIGN KEY ("midia_id")
  REFERENCES "midia" ("id")
)[0m
  [1m[35m (1.6ms)[0m  [1m[35mCREATE  INDEX  "index_products_on_midia_id" ON "products"  ("midia_id")[0m
  [1m[35mSQL (5.1ms)[0m  [1m[32mINSERT INTO "schema_migrations" ("version") VALUES ($1) RETURNING "version"[0m  [["version", "20180402143441"]]
  [1m[35m (4.2ms)[0m  [1m[35mCOMMIT[0m
Migrating to CreateAppProducts (20180402143442)
  [1m[35m (0.5ms)[0m  [1m[35mBEGIN[0m
  [1m[35m (5.3ms)[0m  [1m[35mCREATE TABLE "app_products" ("id" bigserial primary key, "aproduct_status" character varying, "product_id" bigint, "app_id" bigint, "created_at" timestamp NOT NULL, "updated_at" timestamp NOT NULL, CONSTRAINT "fk_rails_8b75bd969c"
FOREIGN KEY ("product_id")
  REFERENCES "products" ("id")
, CONSTRAINT "fk_rails_22915bca10"
FOREIGN KEY ("app_id")
  REFERENCES "apps" ("id")
)[0m
  [1m[35m (1.5ms)[0m  [1m[35mCREATE  INDEX  "index_app_products_on_product_id" ON "app_products"  ("product_id")[0m
  [1m[35m (1.9ms)[0m  [1m[35mCREATE  INDEX  "index_app_products_on_app_id" ON "app_products"  ("app_id")[0m
  [1m[35mSQL (0.3ms)[0m  [1m[32mINSERT INTO "schema_migrations" ("version") VALUES ($1) RETURNING "version"[0m  [["version", "20180402143442"]]
  [1m[35m (1.6ms)[0m  [1m[35mCOMMIT[0m
Migrating to CreateCatCtrlQualits (20180402143443)
  [1m[35m (0.2ms)[0m  [1m[35mBEGIN[0m
  [1m[35m (4.7ms)[0m  [1m[35mCREATE TABLE "cat_ctrl_qualits" ("id" bigserial primary key, "ccquality_name" character varying, "created_at" timestamp NOT NULL, "updated_at" timestamp NOT NULL)[0m
  [1m[35mSQL (5.1ms)[0m  [1m[32mINSERT INTO "schema_migrations" ("version") VALUES ($1) RETURNING "version"[0m  [["version", "20180402143443"]]
  [1m[35m (3.1ms)[0m  [1m[35mCOMMIT[0m
Migrating to CreateSubCatCtrlQualits (20180402143444)
  [1m[35m (0.2ms)[0m  [1m[35mBEGIN[0m
  [1m[35m (4.8ms)[0m  [1m[35mCREATE TABLE "sub_cat_ctrl_qualits" ("id" bigserial primary key, "sccquality_name" character varying, "cat_ctrl_qualit_id" bigint, "created_at" timestamp NOT NULL, "updated_at" timestamp NOT NULL, CONSTRAINT "fk_rails_467a5554b8"
FOREIGN KEY ("cat_ctrl_qualit_id")
  REFERENCES "cat_ctrl_qualits" ("id")
)[0m
  [1m[35m (1.5ms)[0m  [1m[35mCREATE  INDEX  "index_sub_cat_ctrl_qualits_on_cat_ctrl_qualit_id" ON "sub_cat_ctrl_qualits"  ("cat_ctrl_qualit_id")[0m
  [1m[35mSQL (0.3ms)[0m  [1m[32mINSERT INTO "schema_migrations" ("version") VALUES ($1) RETURNING "version"[0m  [["version", "20180402143444"]]
  [1m[35m (1.0ms)[0m  [1m[35mCOMMIT[0m
Migrating to CreateCtrlQualits (20180402143445)
  [1m[35m (0.1ms)[0m  [1m[35mBEGIN[0m
  [1m[35m (5.4ms)[0m  [1m[35mCREATE TABLE "ctrl_qualits" ("id" bigserial primary key, "cquality_value" float, "cquality_date" character varying, "sub_cat_ctrl_qualit_id" bigint, "product_id" bigint, "created_at" timestamp NOT NULL, "updated_at" timestamp NOT NULL, CONSTRAINT "fk_rails_c00642aabb"
FOREIGN KEY ("sub_cat_ctrl_qualit_id")
  REFERENCES "sub_cat_ctrl_qualits" ("id")
, CONSTRAINT "fk_rails_830c4b489c"
FOREIGN KEY ("product_id")
  REFERENCES "products" ("id")
)[0m
  [1m[35m (1.6ms)[0m  [1m[35mCREATE  INDEX  "index_ctrl_qualits_on_sub_cat_ctrl_qualit_id" ON "ctrl_qualits"  ("sub_cat_ctrl_qualit_id")[0m
  [1m[35m (3.8ms)[0m  [1m[35mCREATE  INDEX  "index_ctrl_qualits_on_product_id" ON "ctrl_qualits"  ("product_id")[0m
  [1m[35mSQL (0.4ms)[0m  [1m[32mINSERT INTO "schema_migrations" ("version") VALUES ($1) RETURNING "version"[0m  [["version", "20180402143445"]]
  [1m[35m (1.8ms)[0m  [1m[35mCOMMIT[0m
Migrating to CreateEndFactors (20180402143446)
  [1m[35m (0.2ms)[0m  [1m[35mBEGIN[0m
  [1m[35m (4.1ms)[0m  [1m[35mCREATE TABLE "end_factors" ("id" bigserial primary key, "efactory_country" character varying, "efactory_state" character varying, "efactory_city" character varying, "efactory_burgh" character varying, "efactory_street" character varying, "efactory_zipcode" character varying, "efactory_longitude" character varying, "efactory_latitude" character varying, "created_at" timestamp NOT NULL, "updated_at" timestamp NOT NULL)[0m
  [1m[35mSQL (0.4ms)[0m  [1m[32mINSERT INTO "schema_migrations" ("version") VALUES ($1) RETURNING "version"[0m  [["version", "20180402143446"]]
  [1m[35m (0.6ms)[0m  [1m[35mCOMMIT[0m
Migrating to CreateFacContacts (20180402143447)
  [1m[35m (0.2ms)[0m  [1m[35mBEGIN[0m
  [1m[35m (5.4ms)[0m  [1m[35mCREATE TABLE "fac_contacts" ("id" bigserial primary key, "fcontact_name" character varying, "fcontact_mail" character varying, "fcontact_tel" character varying, "fcontact_cel" character varying, "fcontact_hours" character varying, "fcontact_status" boolean, "midia_id" bigint, "end_factor_id" bigint, "created_at" timestamp NOT NULL, "updated_at" timestamp NOT NULL, CONSTRAINT "fk_rails_08dc1ff666"
FOREIGN KEY ("midia_id")
  REFERENCES "midia" ("id")
, CONSTRAINT "fk_rails_87165ee7a1"
FOREIGN KEY ("end_factor_id")
  REFERENCES "end_factors" ("id")
)[0m
  [1m[35m (4.1ms)[0m  [1m[35mCREATE  INDEX  "index_fac_contacts_on_midia_id" ON "fac_contacts"  ("midia_id")[0m
  [1m[35m (1.7ms)[0m  [1m[35mCREATE  INDEX  "index_fac_contacts_on_end_factor_id" ON "fac_contacts"  ("end_factor_id")[0m
  [1m[35mSQL (0.4ms)[0m  [1m[32mINSERT INTO "schema_migrations" ("version") VALUES ($1) RETURNING "version"[0m  [["version", "20180402143447"]]
  [1m[35m (1.6ms)[0m  [1m[35mCOMMIT[0m
Migrating to CreateCompans (20180402143448)
  [1m[35m (0.2ms)[0m  [1m[35mBEGIN[0m
  [1m[35m (6.0ms)[0m  [1m[35mCREATE TABLE "compans" ("id" bigserial primary key, "company_name" character varying, "company_description" text, "midia_id" bigint, "fac_contact_id" bigint, "created_at" timestamp NOT NULL, "updated_at" timestamp NOT NULL, CONSTRAINT "fk_rails_846e65abfd"
FOREIGN KEY ("midia_id")
  REFERENCES "midia" ("id")
, CONSTRAINT "fk_rails_4653537b93"
FOREIGN KEY ("fac_contact_id")
  REFERENCES "fac_contacts" ("id")
)[0m
  [1m[35m (1.5ms)[0m  [1m[35mCREATE  INDEX  "index_compans_on_midia_id" ON "compans"  ("midia_id")[0m
  [1m[35m (1.5ms)[0m  [1m[35mCREATE  INDEX  "index_compans_on_fac_contact_id" ON "compans"  ("fac_contact_id")[0m
  [1m[35mSQL (5.4ms)[0m  [1m[32mINSERT INTO "schema_migrations" ("version") VALUES ($1) RETURNING "version"[0m  [["version", "20180402143448"]]
  [1m[35m (4.6ms)[0m  [1m[35mCOMMIT[0m
Migrating to CreateMenus (20180402143449)
  [1m[35m (0.8ms)[0m  [1m[35mBEGIN[0m
  [1m[35m (4.6ms)[0m  [1m[35mCREATE TABLE "menus" ("id" bigserial primary key, "menu_name" character varying, "menu_status" boolean, "created_at" timestamp NOT NULL, "updated_at" timestamp NOT NULL)[0m
  [1m[35mSQL (0.3ms)[0m  [1m[32mINSERT INTO "schema_migrations" ("version") VALUES ($1) RETURNING "version"[0m  [["version", "20180402143449"]]
  [1m[35m (0.9ms)[0m  [1m[35mCOMMIT[0m
Migrating to CreateSubMenus (20180402143450)
  [1m[35m (0.2ms)[0m  [1m[35mBEGIN[0m
  [1m[35m (5.4ms)[0m  [1m[35mCREATE TABLE "sub_menus" ("id" bigserial primary key, "smenu_name" character varying, "smenu_status" boolean, "menu_id" bigint, "created_at" timestamp NOT NULL, "updated_at" timestamp NOT NULL, CONSTRAINT "fk_rails_7686ca569d"
FOREIGN KEY ("menu_id")
  REFERENCES "menus" ("id")
)[0m
  [1m[35m (1.4ms)[0m  [1m[35mCREATE  INDEX  "index_sub_menus_on_menu_id" ON "sub_menus"  ("menu_id")[0m
  [1m[35mSQL (0.4ms)[0m  [1m[32mINSERT INTO "schema_migrations" ("version") VALUES ($1) RETURNING "version"[0m  [["version", "20180402143450"]]
  [1m[35m (5.0ms)[0m  [1m[35mCOMMIT[0m
Migrating to CreateUsers (20180402143451)
  [1m[35m (0.3ms)[0m  [1m[35mBEGIN[0m
  [1m[35m (6.5ms)[0m  [1m[35mCREATE TABLE "users" ("id" bigserial primary key, "user_fname" character varying, "user_lname" character varying, "user_departament" character varying, "compan_id" bigint, "accessp_id" bigint, "created_at" timestamp NOT NULL, "updated_at" timestamp NOT NULL, CONSTRAINT "fk_rails_19ec7633a2"
FOREIGN KEY ("compan_id")
  REFERENCES "compans" ("id")
, CONSTRAINT "fk_rails_7e52bc725c"
FOREIGN KEY ("accessp_id")
  REFERENCES "accessps" ("id")
)[0m
  [1m[35m (0.1ms)[0m  [1m[31mROLLBACK[0m
  [1m[35m (0.2ms)[0m  [1m[34mSELECT pg_advisory_unlock(1514800627635587250)[0m
  [1m[35m (7.0ms)[0m  [1m[35mCREATE TABLE "schema_migrations" ("version" character varying NOT NULL PRIMARY KEY)[0m
  [1m[35m (3.9ms)[0m  [1m[35mCREATE TABLE "ar_internal_metadata" ("key" character varying NOT NULL PRIMARY KEY, "value" character varying, "created_at" timestamp NOT NULL, "updated_at" timestamp NOT NULL)[0m
  [1m[35m (0.3ms)[0m  [1m[34mSELECT pg_try_advisory_lock(1514800627635587250)[0m
  [1m[35m (0.6ms)[0m  [1m[34mSELECT "schema_migrations"."version" FROM "schema_migrations" ORDER BY "schema_migrations"."version" ASC[0m
Migrating to CreateAccessps (20180402160431)
  [1m[35m (0.2ms)[0m  [1m[35mBEGIN[0m
  [1m[35m (4.7ms)[0m  [1m[35mCREATE TABLE "accessps" ("id" bigserial primary key, "accessp_name" character varying, "created_at" timestamp NOT NULL, "updated_at" timestamp NOT NULL)[0m
  [1m[35mSQL (5.8ms)[0m  [1m[32mINSERT INTO "schema_migrations" ("version") VALUES ($1) RETURNING "version"[0m  [["version", "20180402160431"]]
  [1m[35m (2.3ms)[0m  [1m[35mCOMMIT[0m
Migrating to CreateTypeMidia (20180402160507)
  [1m[35m (0.3ms)[0m  [1m[35mBEGIN[0m
  [1m[35m (9.3ms)[0m  [1m[35mCREATE TABLE "type_midia" ("id" bigserial primary key, "tmidia_name" character varying, "created_at" timestamp NOT NULL, "updated_at" timestamp NOT NULL)[0m
  [1m[35mSQL (0.5ms)[0m  [1m[32mINSERT INTO "schema_migrations" ("version") VALUES ($1) RETURNING "version"[0m  [["version", "20180402160507"]]
  [1m[35m (0.7ms)[0m  [1m[35mCOMMIT[0m
Migrating to CreateMidia (20180402160508)
  [1m[35m (0.2ms)[0m  [1m[35mBEGIN[0m
  [1m[35m (4.8ms)[0m  [1m[35mCREATE TABLE "midia" ("id" bigserial primary key, "midia_name" character varying, "midia_date" character varying, "midia_url" character varying, "type_midia_id" bigint, "created_at" timestamp NOT NULL, "updated_at" timestamp NOT NULL, CONSTRAINT "fk_rails_3ddedeb070"
FOREIGN KEY ("type_midia_id")
  REFERENCES "type_midia" ("id")
)[0m
  [1m[35m (1.9ms)[0m  [1m[35mCREATE  INDEX  "index_midia_on_type_midia_id" ON "midia"  ("type_midia_id")[0m
  [1m[35mSQL (0.3ms)[0m  [1m[32mINSERT INTO "schema_migrations" ("version") VALUES ($1) RETURNING "version"[0m  [["version", "20180402160508"]]
  [1m[35m (1.4ms)[0m  [1m[35mCOMMIT[0m
Migrating to CreateSocials (20180402160509)
  [1m[35m (0.2ms)[0m  [1m[35mBEGIN[0m
  [1m[35m (4.5ms)[0m  [1m[35mCREATE TABLE "socials" ("id" bigserial primary key, "social_name" character varying, "social_link" character varying, "social_status" boolean, "midia_id" bigint, "created_at" timestamp NOT NULL, "updated_at" timestamp NOT NULL, CONSTRAINT "fk_rails_9e5b2af638"
FOREIGN KEY ("midia_id")
  REFERENCES "midia" ("id")
)[0m
  [1m[35m (5.3ms)[0m  [1m[35mCREATE  INDEX  "index_socials_on_midia_id" ON "socials"  ("midia_id")[0m
  [1m[35mSQL (1.0ms)[0m  [1m[32mINSERT INTO "schema_migrations" ("version") VALUES ($1) RETURNING "version"[0m  [["version", "20180402160509"]]
  [1m[35m (0.9ms)[0m  [1m[35mCOMMIT[0m
Migrating to CreateApps (20180402160510)
  [1m[35m (0.2ms)[0m  [1m[35mBEGIN[0m
  [1m[35m (4.4ms)[0m  [1m[35mCREATE TABLE "apps" ("id" bigserial primary key, "app_name" character varying, "created_at" timestamp NOT NULL, "updated_at" timestamp NOT NULL)[0m
  [1m[35mSQL (0.5ms)[0m  [1m[32mINSERT INTO "schema_migrations" ("version") VALUES ($1) RETURNING "version"[0m  [["version", "20180402160510"]]
  [1m[35m (0.8ms)[0m  [1m[35mCOMMIT[0m
Migrating to CreateProducts (20180402160511)
  [1m[35m (0.2ms)[0m  [1m[35mBEGIN[0m
  [1m[35m (4.3ms)[0m  [1m[35mCREATE TABLE "products" ("id" bigserial primary key, "product_name" character varying, "product_description" text, "product_status" boolean, "midia_id" bigint, "created_at" timestamp NOT NULL, "updated_at" timestamp NOT NULL, CONSTRAINT "fk_rails_1afb9991f5"
FOREIGN KEY ("midia_id")
  REFERENCES "midia" ("id")
)[0m
  [1m[35m (5.3ms)[0m  [1m[35mCREATE  INDEX  "index_products_on_midia_id" ON "products"  ("midia_id")[0m
  [1m[35mSQL (1.0ms)[0m  [1m[32mINSERT INTO "schema_migrations" ("version") VALUES ($1) RETURNING "version"[0m  [["version", "20180402160511"]]
  [1m[35m (1.2ms)[0m  [1m[35mCOMMIT[0m
Migrating to CreateAppProducts (20180402160512)
  [1m[35m (0.4ms)[0m  [1m[35mBEGIN[0m
  [1m[35m (4.7ms)[0m  [1m[35mCREATE TABLE "app_products" ("id" bigserial primary key, "aproduct_status" character varying, "product_id" bigint, "app_id" bigint, "created_at" timestamp NOT NULL, "updated_at" timestamp NOT NULL, CONSTRAINT "fk_rails_8b75bd969c"
FOREIGN KEY ("product_id")
  REFERENCES "products" ("id")
, CONSTRAINT "fk_rails_22915bca10"
FOREIGN KEY ("app_id")
  REFERENCES "apps" ("id")
)[0m
  [1m[35m (1.8ms)[0m  [1m[35mCREATE  INDEX  "index_app_products_on_product_id" ON "app_products"  ("product_id")[0m
  [1m[35m (1.5ms)[0m  [1m[35mCREATE  INDEX  "index_app_products_on_app_id" ON "app_products"  ("app_id")[0m
  [1m[35mSQL (0.4ms)[0m  [1m[32mINSERT INTO "schema_migrations" ("version") VALUES ($1) RETURNING "version"[0m  [["version", "20180402160512"]]
  [1m[35m (1.0ms)[0m  [1m[35mCOMMIT[0m
Migrating to CreateCatCtrlQualits (20180402160513)
  [1m[35m (0.2ms)[0m  [1m[35mBEGIN[0m
  [1m[35m (10.7ms)[0m  [1m[35mCREATE TABLE "cat_ctrl_qualits" ("id" bigserial primary key, "ccquality_name" character varying, "created_at" timestamp NOT NULL, "updated_at" timestamp NOT NULL)[0m
  [1m[35mSQL (0.7ms)[0m  [1m[32mINSERT INTO "schema_migrations" ("version") VALUES ($1) RETURNING "version"[0m  [["version", "20180402160513"]]
  [1m[35m (1.2ms)[0m  [1m[35mCOMMIT[0m
Migrating to CreateSubCatCtrlQualits (20180402160514)
  [1m[35m (0.2ms)[0m  [1m[35mBEGIN[0m
  [1m[35m (4.1ms)[0m  [1m[35mCREATE TABLE "sub_cat_ctrl_qualits" ("id" bigserial primary key, "sccquality_name" character varying, "cat_ctrl_qualit_id" bigint, "created_at" timestamp NOT NULL, "updated_at" timestamp NOT NULL, CONSTRAINT "fk_rails_467a5554b8"
FOREIGN KEY ("cat_ctrl_qualit_id")
  REFERENCES "cat_ctrl_qualits" ("id")
)[0m
  [1m[35m (2.6ms)[0m  [1m[35mCREATE  INDEX  "index_sub_cat_ctrl_qualits_on_cat_ctrl_qualit_id" ON "sub_cat_ctrl_qualits"  ("cat_ctrl_qualit_id")[0m
  [1m[35mSQL (0.3ms)[0m  [1m[32mINSERT INTO "schema_migrations" ("version") VALUES ($1) RETURNING "version"[0m  [["version", "20180402160514"]]
  [1m[35m (0.6ms)[0m  [1m[35mCOMMIT[0m
Migrating to CreateCtrlQualits (20180402160515)
  [1m[35m (0.2ms)[0m  [1m[35mBEGIN[0m
  [1m[35m (14.1ms)[0m  [1m[35mCREATE TABLE "ctrl_qualits" ("id" bigserial primary key, "cquality_value" float, "cquality_date" character varying, "sub_cat_ctrl_qualit_id" bigint, "product_id" bigint, "created_at" timestamp NOT NULL, "updated_at" timestamp NOT NULL, CONSTRAINT "fk_rails_c00642aabb"
FOREIGN KEY ("sub_cat_ctrl_qualit_id")
  REFERENCES "sub_cat_ctrl_qualits" ("id")
, CONSTRAINT "fk_rails_830c4b489c"
FOREIGN KEY ("product_id")
  REFERENCES "products" ("id")
)[0m
  [1m[35m (1.4ms)[0m  [1m[35mCREATE  INDEX  "index_ctrl_qualits_on_sub_cat_ctrl_qualit_id" ON "ctrl_qualits"  ("sub_cat_ctrl_qualit_id")[0m
  [1m[35m (2.0ms)[0m  [1m[35mCREATE  INDEX  "index_ctrl_qualits_on_product_id" ON "ctrl_qualits"  ("product_id")[0m
  [1m[35mSQL (0.5ms)[0m  [1m[32mINSERT INTO "schema_migrations" ("version") VALUES ($1) RETURNING "version"[0m  [["version", "20180402160515"]]
  [1m[35m (0.9ms)[0m  [1m[35mCOMMIT[0m
Migrating to CreateEndFactors (20180402160516)
  [1m[35m (0.2ms)[0m  [1m[35mBEGIN[0m
  [1m[35m (4.0ms)[0m  [1m[35mCREATE TABLE "end_factors" ("id" bigserial primary key, "efactory_country" character varying, "efactory_state" character varying, "efactory_city" character varying, "efactory_burgh" character varying, "efactory_street" character varying, "efactory_zipcode" character varying, "efactory_longitude" character varying, "efactory_latitude" character varying, "created_at" timestamp NOT NULL, "updated_at" timestamp NOT NULL)[0m
  [1m[35mSQL (0.3ms)[0m  [1m[32mINSERT INTO "schema_migrations" ("version") VALUES ($1) RETURNING "version"[0m  [["version", "20180402160516"]]
  [1m[35m (0.8ms)[0m  [1m[35mCOMMIT[0m
Migrating to CreateFacContacts (20180402160517)
  [1m[35m (0.2ms)[0m  [1m[35mBEGIN[0m
  [1m[35m (14.1ms)[0m  [1m[35mCREATE TABLE "fac_contacts" ("id" bigserial primary key, "fcontact_name" character varying, "fcontact_mail" character varying, "fcontact_tel" character varying, "fcontact_cel" character varying, "fcontact_hours" character varying, "fcontact_status" boolean, "midia_id" bigint, "end_factor_id" bigint, "created_at" timestamp NOT NULL, "updated_at" timestamp NOT NULL, CONSTRAINT "fk_rails_08dc1ff666"
FOREIGN KEY ("midia_id")
  REFERENCES "midia" ("id")
, CONSTRAINT "fk_rails_87165ee7a1"
FOREIGN KEY ("end_factor_id")
  REFERENCES "end_factors" ("id")
)[0m
  [1m[35m (1.4ms)[0m  [1m[35mCREATE  INDEX  "index_fac_contacts_on_midia_id" ON "fac_contacts"  ("midia_id")[0m
  [1m[35m (2.2ms)[0m  [1m[35mCREATE  INDEX  "index_fac_contacts_on_end_factor_id" ON "fac_contacts"  ("end_factor_id")[0m
  [1m[35mSQL (0.3ms)[0m  [1m[32mINSERT INTO "schema_migrations" ("version") VALUES ($1) RETURNING "version"[0m  [["version", "20180402160517"]]
  [1m[35m (1.3ms)[0m  [1m[35mCOMMIT[0m
Migrating to CreateCompans (20180402160518)
  [1m[35m (0.2ms)[0m  [1m[35mBEGIN[0m
  [1m[35m (4.4ms)[0m  [1m[35mCREATE TABLE "compans" ("id" bigserial primary key, "company_name" character varying, "company_description" text, "midia_id" bigint, "fac_contact_id" bigint, "created_at" timestamp NOT NULL, "updated_at" timestamp NOT NULL, CONSTRAINT "fk_rails_846e65abfd"
FOREIGN KEY ("midia_id")
  REFERENCES "midia" ("id")
, CONSTRAINT "fk_rails_4653537b93"
FOREIGN KEY ("fac_contact_id")
  REFERENCES "fac_contacts" ("id")
)[0m
  [1m[35m (1.4ms)[0m  [1m[35mCREATE  INDEX  "index_compans_on_midia_id" ON "compans"  ("midia_id")[0m
  [1m[35m (1.4ms)[0m  [1m[35mCREATE  INDEX  "index_compans_on_fac_contact_id" ON "compans"  ("fac_contact_id")[0m
  [1m[35mSQL (0.5ms)[0m  [1m[32mINSERT INTO "schema_migrations" ("version") VALUES ($1) RETURNING "version"[0m  [["version", "20180402160518"]]
  [1m[35m (0.8ms)[0m  [1m[35mCOMMIT[0m
Migrating to CreateMenus (20180402160519)
  [1m[35m (0.9ms)[0m  [1m[35mBEGIN[0m
  [1m[35m (6.4ms)[0m  [1m[35mCREATE TABLE "menus" ("id" bigserial primary key, "menu_name" character varying, "menu_status" boolean, "created_at" timestamp NOT NULL, "updated_at" timestamp NOT NULL)[0m
  [1m[35mSQL (0.4ms)[0m  [1m[32mINSERT INTO "schema_migrations" ("version") VALUES ($1) RETURNING "version"[0m  [["version", "20180402160519"]]
  [1m[35m (0.8ms)[0m  [1m[35mCOMMIT[0m
Migrating to CreateSubMenus (20180402160520)
  [1m[35m (0.2ms)[0m  [1m[35mBEGIN[0m
  [1m[35m (4.7ms)[0m  [1m[35mCREATE TABLE "sub_menus" ("id" bigserial primary key, "smenu_name" character varying, "smenu_status" boolean, "menu_id" bigint, "created_at" timestamp NOT NULL, "updated_at" timestamp NOT NULL, CONSTRAINT "fk_rails_7686ca569d"
FOREIGN KEY ("menu_id")
  REFERENCES "menus" ("id")
)[0m
  [1m[35m (2.0ms)[0m  [1m[35mCREATE  INDEX  "index_sub_menus_on_menu_id" ON "sub_menus"  ("menu_id")[0m
  [1m[35mSQL (1.2ms)[0m  [1m[32mINSERT INTO "schema_migrations" ("version") VALUES ($1) RETURNING "version"[0m  [["version", "20180402160520"]]
  [1m[35m (0.9ms)[0m  [1m[35mCOMMIT[0m
Migrating to CreateUsers (20180402160521)
  [1m[35m (0.2ms)[0m  [1m[35mBEGIN[0m
  [1m[35m (14.5ms)[0m  [1m[35mCREATE TABLE "users" ("id" bigserial primary key, "user_fname" character varying, "user_lname" character varying, "user_departament" character varying, "compan_id" bigint, "accessp_id" bigint, "created_at" timestamp NOT NULL, "updated_at" timestamp NOT NULL, CONSTRAINT "fk_rails_19ec7633a2"
FOREIGN KEY ("compan_id")
  REFERENCES "compans" ("id")
, CONSTRAINT "fk_rails_7e52bc725c"
FOREIGN KEY ("accessp_id")
  REFERENCES "accessps" ("id")
)[0m
  [1m[35m (1.6ms)[0m  [1m[35mCREATE  INDEX  "index_users_on_compan_id" ON "users"  ("compan_id")[0m
  [1m[35m (1.5ms)[0m  [1m[35mCREATE  INDEX  "index_users_on_accessp_id" ON "users"  ("accessp_id")[0m
  [1m[35mSQL (0.4ms)[0m  [1m[32mINSERT INTO "schema_migrations" ("version") VALUES ($1) RETURNING "version"[0m  [["version", "20180402160521"]]
  [1m[35m (0.8ms)[0m  [1m[35mCOMMIT[0m
Migrating to CreateCores (20180402160522)
  [1m[35m (0.2ms)[0m  [1m[35mBEGIN[0m
  [1m[35m (4.8ms)[0m  [1m[35mCREATE TABLE "cores" ("id" bigserial primary key, "core_title" character varying, "core_description" text, "midia_id" bigint, "menu_id" bigint, "user_id" bigint, "created_at" timestamp NOT NULL, "updated_at" timestamp NOT NULL, CONSTRAINT "fk_rails_16a8e79a76"
FOREIGN KEY ("midia_id")
  REFERENCES "midia" ("id")
, CONSTRAINT "fk_rails_fff744b5b6"
FOREIGN KEY ("menu_id")
  REFERENCES "menus" ("id")
, CONSTRAINT "fk_rails_b108ddf000"
FOREIGN KEY ("user_id")
  REFERENCES "users" ("id")
)[0m
  [1m[35m (8.8ms)[0m  [1m[35mCREATE  INDEX  "index_cores_on_midia_id" ON "cores"  ("midia_id")[0m
  [1m[35m (2.8ms)[0m  [1m[35mCREATE  INDEX  "index_cores_on_menu_id" ON "cores"  ("menu_id")[0m
  [1m[35m (1.4ms)[0m  [1m[35mCREATE  INDEX  "index_cores_on_user_id" ON "cores"  ("user_id")[0m
  [1m[35mSQL (0.4ms)[0m  [1m[32mINSERT INTO "schema_migrations" ("version") VALUES ($1) RETURNING "version"[0m  [["version", "20180402160522"]]
  [1m[35m (1.4ms)[0m  [1m[35mCOMMIT[0m
Migrating to CreateShippingEmails (20180402160523)
  [1m[35m (0.2ms)[0m  [1m[35mBEGIN[0m
  [1m[35m (4.1ms)[0m  [1m[35mCREATE TABLE "shipping_emails" ("id" bigserial primary key, "semail_port" integer, "semail_host" character varying, "semail_ishtml" boolean, "semail_mailer" character varying, "semail_smtp_secure" character varying, "semail_user" character varying, "semail_pass" character varying, "user_id" bigint, "created_at" timestamp NOT NULL, "updated_at" timestamp NOT NULL, CONSTRAINT "fk_rails_d48196d39c"
FOREIGN KEY ("user_id")
  REFERENCES "users" ("id")
)[0m
  [1m[35m (2.2ms)[0m  [1m[35mCREATE  INDEX  "index_shipping_emails_on_user_id" ON "shipping_emails"  ("user_id")[0m
  [1m[35mSQL (0.3ms)[0m  [1m[32mINSERT INTO "schema_migrations" ("version") VALUES ($1) RETURNING "version"[0m  [["version", "20180402160523"]]
  [1m[35m (0.9ms)[0m  [1m[35mCOMMIT[0m
Migrating to CreateBeClients (20180402160524)
  [1m[35m (0.2ms)[0m  [1m[35mBEGIN[0m
  [1m[35m (10.4ms)[0m  [1m[35mCREATE TABLE "be_clients" ("id" bigserial primary key, "client_company_name" character varying, "client_cnpj" character varying, "client_contact_name" character varying, "client_mail" character varying, "client_state" character varying, "client_city" character varying, "client_tphone" character varying, "client_cphone" character varying, "client_came_to_us" character varying, "shipping_email_id" bigint, "created_at" timestamp NOT NULL, "updated_at" timestamp NOT NULL, CONSTRAINT "fk_rails_ffb46806cf"
FOREIGN KEY ("shipping_email_id")
  REFERENCES "shipping_emails" ("id")
)[0m
  [1m[35m (2.3ms)[0m  [1m[35mCREATE  INDEX  "index_be_clients_on_shipping_email_id" ON "be_clients"  ("shipping_email_id")[0m
  [1m[35mSQL (0.4ms)[0m  [1m[32mINSERT INTO "schema_migrations" ("version") VALUES ($1) RETURNING "version"[0m  [["version", "20180402160524"]]
  [1m[35m (1.6ms)[0m  [1m[35mCOMMIT[0m
Migrating to CreateContactUs (20180402160525)
  [1m[35m (0.2ms)[0m  [1m[35mBEGIN[0m
  [1m[35m (5.1ms)[0m  [1m[35mCREATE TABLE "contact_us" ("id" bigserial primary key, "contact_fname" character varying, "contact_lname" character varying, "contact_mail" character varying, "contact_tphone" character varying, "contact_cphone" character varying, "contact_city" character varying, "contact_state" character varying, "contact_message" text, "shipping_email_id" bigint, "created_at" timestamp NOT NULL, "updated_at" timestamp NOT NULL, CONSTRAINT "fk_rails_aa33975eca"
FOREIGN KEY ("shipping_email_id")
  REFERENCES "shipping_emails" ("id")
)[0m
  [1m[35m (2.0ms)[0m  [1m[35mCREATE  INDEX  "index_contact_us_on_shipping_email_id" ON "contact_us"  ("shipping_email_id")[0m
  [1m[35mSQL (5.1ms)[0m  [1m[32mINSERT INTO "schema_migrations" ("version") VALUES ($1) RETURNING "version"[0m  [["version", "20180402160525"]]
  [1m[35m (3.0ms)[0m  [1m[35mCOMMIT[0m
Migrating to CreateWorks (20180402160526)
  [1m[35m (0.5ms)[0m  [1m[35mBEGIN[0m
  [1m[35m (6.1ms)[0m  [1m[35mCREATE TABLE "works" ("id" bigserial primary key, "work_title" character varying, "work_description" text, "end_factory_id" bigint, "user_id" bigint, "created_at" timestamp NOT NULL, "updated_at" timestamp NOT NULL, CONSTRAINT "fk_rails_6024ed73df"
FOREIGN KEY ("end_factory_id")
  REFERENCES "end_factories" ("id")
, CONSTRAINT "fk_rails_2d4237af37"
FOREIGN KEY ("user_id")
  REFERENCES "users" ("id")
)[0m
  [1m[35m (0.2ms)[0m  [1m[31mROLLBACK[0m
  [1m[35m (0.3ms)[0m  [1m[34mSELECT pg_advisory_unlock(1514800627635587250)[0m
  [1m[35m (0.7ms)[0m  [1m[34mSELECT "schema_migrations"."version" FROM "schema_migrations" ORDER BY "schema_migrations"."version" ASC[0m
  [1m[35m (0.4ms)[0m  [1m[34mSELECT "ar_internal_metadata"."value" FROM "ar_internal_metadata" WHERE "ar_internal_metadata"."key" = $1[0m  [["key", "environment"]]
  [1m[36mActiveRecord::InternalMetadata Load (0.4ms)[0m  [1m[34mSELECT  "ar_internal_metadata".* FROM "ar_internal_metadata" WHERE "ar_internal_metadata"."key" = $1 LIMIT $2[0m  [["key", "environment"], ["LIMIT", 1]]
  [1m[35m (0.1ms)[0m  [1m[35mBEGIN[0m
  [1m[35mSQL (3.5ms)[0m  [1m[32mINSERT INTO "ar_internal_metadata" ("key", "value", "created_at", "updated_at") VALUES ($1, $2, $3, $4) RETURNING "key"[0m  [["key", "environment"], ["value", "development"], ["created_at", "2018-04-02 16:11:59.465243"], ["updated_at", "2018-04-02 16:11:59.465243"]]
  [1m[35m (0.6ms)[0m  [1m[35mCOMMIT[0m
  [1m[35m (0.6ms)[0m  [1m[34mSELECT "schema_migrations"."version" FROM "schema_migrations" ORDER BY "schema_migrations"."version" ASC[0m
  [1m[35m (0.3ms)[0m  [1m[34mSELECT "ar_internal_metadata"."value" FROM "ar_internal_metadata" WHERE "ar_internal_metadata"."key" = $1[0m  [["key", "environment"]]
  [1m[35m (0.2ms)[0m  [1m[34mSELECT "schema_migrations"."version" FROM "schema_migrations" ORDER BY "schema_migrations"."version" ASC[0m
  [1m[35m (0.2ms)[0m  [1m[34mSELECT "ar_internal_metadata"."value" FROM "ar_internal_metadata" WHERE "ar_internal_metadata"."key" = $1[0m  [["key", "environment"]]
  [1m[35m (0.2ms)[0m  [1m[34mSELECT "schema_migrations"."version" FROM "schema_migrations" ORDER BY "schema_migrations"."version" ASC[0m
  [1m[35m (0.2ms)[0m  [1m[34mSELECT "ar_internal_metadata"."value" FROM "ar_internal_metadata" WHERE "ar_internal_metadata"."key" = $1[0m  [["key", "environment"]]
  [1m[35m (132.6ms)[0m  [1m[35mDROP DATABASE IF EXISTS "site_development"[0m
  [1m[35m (119.9ms)[0m  [1m[35mDROP DATABASE IF EXISTS "site_test"[0m
  [1m[35m (6.4ms)[0m  [1m[35mCREATE TABLE "schema_migrations" ("version" character varying NOT NULL PRIMARY KEY)[0m
  [1m[35m (3.6ms)[0m  [1m[35mCREATE TABLE "ar_internal_metadata" ("key" character varying NOT NULL PRIMARY KEY, "value" character varying, "created_at" timestamp NOT NULL, "updated_at" timestamp NOT NULL)[0m
  [1m[35m (0.2ms)[0m  [1m[34mSELECT pg_try_advisory_lock(1514800627635587250)[0m
  [1m[35m (0.6ms)[0m  [1m[34mSELECT "schema_migrations"."version" FROM "schema_migrations" ORDER BY "schema_migrations"."version" ASC[0m
Migrating to CreateAccessps (20180402161240)
  [1m[35m (0.2ms)[0m  [1m[35mBEGIN[0m
  [1m[35m (4.3ms)[0m  [1m[35mCREATE TABLE "accessps" ("id" bigserial primary key, "accessp_name" character varying, "created_at" timestamp NOT NULL, "updated_at" timestamp NOT NULL)[0m
  [1m[35mSQL (0.5ms)[0m  [1m[32mINSERT INTO "schema_migrations" ("version") VALUES ($1) RETURNING "version"[0m  [["version", "20180402161240"]]
  [1m[35m (3.4ms)[0m  [1m[35mCOMMIT[0m
Migrating to CreateTypeMidia (20180402161241)
  [1m[35m (1.8ms)[0m  [1m[35mBEGIN[0m
  [1m[35m (7.6ms)[0m  [1m[35mCREATE TABLE "type_midia" ("id" bigserial primary key, "tmidia_name" character varying, "created_at" timestamp NOT NULL, "updated_at" timestamp NOT NULL)[0m
  [1m[35mSQL (0.8ms)[0m  [1m[32mINSERT INTO "schema_migrations" ("version") VALUES ($1) RETURNING "version"[0m  [["version", "20180402161241"]]
  [1m[35m (4.9ms)[0m  [1m[35mCOMMIT[0m
Migrating to CreateMidia (20180402161242)
  [1m[35m (0.4ms)[0m  [1m[35mBEGIN[0m
  [1m[35m (14.5ms)[0m  [1m[35mCREATE TABLE "midia" ("id" bigserial primary key, "midia_name" character varying, "midia_date" character varying, "midia_url" character varying, "type_midia_id" bigint, "created_at" timestamp NOT NULL, "updated_at" timestamp NOT NULL, CONSTRAINT "fk_rails_3ddedeb070"
FOREIGN KEY ("type_midia_id")
  REFERENCES "type_midia" ("id")
)[0m
  [1m[35m (3.0ms)[0m  [1m[35mCREATE  INDEX  "index_midia_on_type_midia_id" ON "midia"  ("type_midia_id")[0m
  [1m[35mSQL (0.6ms)[0m  [1m[32mINSERT INTO "schema_migrations" ("version") VALUES ($1) RETURNING "version"[0m  [["version", "20180402161242"]]
  [1m[35m (1.1ms)[0m  [1m[35mCOMMIT[0m
Migrating to CreateSocials (20180402161243)
  [1m[35m (0.3ms)[0m  [1m[35mBEGIN[0m
  [1m[35m (6.8ms)[0m  [1m[35mCREATE TABLE "socials" ("id" bigserial primary key, "social_name" character varying, "social_link" character varying, "social_status" boolean, "midia_id" bigint, "created_at" timestamp NOT NULL, "updated_at" timestamp NOT NULL, CONSTRAINT "fk_rails_9e5b2af638"
FOREIGN KEY ("midia_id")
  REFERENCES "midia" ("id")
)[0m
  [1m[35m (6.6ms)[0m  [1m[35mCREATE  INDEX  "index_socials_on_midia_id" ON "socials"  ("midia_id")[0m
  [1m[35mSQL (0.8ms)[0m  [1m[32mINSERT INTO "schema_migrations" ("version") VALUES ($1) RETURNING "version"[0m  [["version", "20180402161243"]]
  [1m[35m (3.2ms)[0m  [1m[35mCOMMIT[0m
Migrating to CreateApps (20180402161244)
  [1m[35m (0.7ms)[0m  [1m[35mBEGIN[0m
  [1m[35m (6.5ms)[0m  [1m[35mCREATE TABLE "apps" ("id" bigserial primary key, "app_name" character varying, "created_at" timestamp NOT NULL, "updated_at" timestamp NOT NULL)[0m
  [1m[35mSQL (0.3ms)[0m  [1m[32mINSERT INTO "schema_migrations" ("version") VALUES ($1) RETURNING "version"[0m  [["version", "20180402161244"]]
  [1m[35m (0.7ms)[0m  [1m[35mCOMMIT[0m
Migrating to CreateProducts (20180402161245)
  [1m[35m (0.1ms)[0m  [1m[35mBEGIN[0m
  [1m[35m (4.8ms)[0m  [1m[35mCREATE TABLE "products" ("id" bigserial primary key, "product_name" character varying, "product_description" text, "product_status" boolean, "midia_id" bigint, "created_at" timestamp NOT NULL, "updated_at" timestamp NOT NULL, CONSTRAINT "fk_rails_1afb9991f5"
FOREIGN KEY ("midia_id")
  REFERENCES "midia" ("id")
)[0m
  [1m[35m (1.3ms)[0m  [1m[35mCREATE  INDEX  "index_products_on_midia_id" ON "products"  ("midia_id")[0m
  [1m[35mSQL (0.4ms)[0m  [1m[32mINSERT INTO "schema_migrations" ("version") VALUES ($1) RETURNING "version"[0m  [["version", "20180402161245"]]
  [1m[35m (1.1ms)[0m  [1m[35mCOMMIT[0m
Migrating to CreateAppProducts (20180402161246)
  [1m[35m (0.2ms)[0m  [1m[35mBEGIN[0m
  [1m[35m (12.7ms)[0m  [1m[35mCREATE TABLE "app_products" ("id" bigserial primary key, "aproduct_status" character varying, "product_id" bigint, "app_id" bigint, "created_at" timestamp NOT NULL, "updated_at" timestamp NOT NULL, CONSTRAINT "fk_rails_8b75bd969c"
FOREIGN KEY ("product_id")
  REFERENCES "products" ("id")
, CONSTRAINT "fk_rails_22915bca10"
FOREIGN KEY ("app_id")
  REFERENCES "apps" ("id")
)[0m
  [1m[35m (1.6ms)[0m  [1m[35mCREATE  INDEX  "index_app_products_on_product_id" ON "app_products"  ("product_id")[0m
  [1m[35m (4.5ms)[0m  [1m[35mCREATE  INDEX  "index_app_products_on_app_id" ON "app_products"  ("app_id")[0m
  [1m[35mSQL (0.6ms)[0m  [1m[32mINSERT INTO "schema_migrations" ("version") VALUES ($1) RETURNING "version"[0m  [["version", "20180402161246"]]
  [1m[35m (1.0ms)[0m  [1m[35mCOMMIT[0m
Migrating to CreateCatCtrlQualits (20180402161247)
  [1m[35m (0.3ms)[0m  [1m[35mBEGIN[0m
  [1m[35m (6.2ms)[0m  [1m[35mCREATE TABLE "cat_ctrl_qualits" ("id" bigserial primary key, "ccquality_name" character varying, "created_at" timestamp NOT NULL, "updated_at" timestamp NOT NULL)[0m
  [1m[35mSQL (0.4ms)[0m  [1m[32mINSERT INTO "schema_migrations" ("version") VALUES ($1) RETURNING "version"[0m  [["version", "20180402161247"]]
  [1m[35m (0.8ms)[0m  [1m[35mCOMMIT[0m
Migrating to CreateSubCatCtrlQualits (20180402161248)
  [1m[35m (0.2ms)[0m  [1m[35mBEGIN[0m
  [1m[35m (12.8ms)[0m  [1m[35mCREATE TABLE "sub_cat_ctrl_qualits" ("id" bigserial primary key, "sccquality_name" character varying, "cat_ctrl_qualit_id" bigint, "created_at" timestamp NOT NULL, "updated_at" timestamp NOT NULL, CONSTRAINT "fk_rails_467a5554b8"
FOREIGN KEY ("cat_ctrl_qualit_id")
  REFERENCES "cat_ctrl_qualits" ("id")
)[0m
  [1m[35m (5.5ms)[0m  [1m[35mCREATE  INDEX  "index_sub_cat_ctrl_qualits_on_cat_ctrl_qualit_id" ON "sub_cat_ctrl_qualits"  ("cat_ctrl_qualit_id")[0m
  [1m[35mSQL (0.4ms)[0m  [1m[32mINSERT INTO "schema_migrations" ("version") VALUES ($1) RETURNING "version"[0m  [["version", "20180402161248"]]
  [1m[35m (1.4ms)[0m  [1m[35mCOMMIT[0m
Migrating to CreateCtrlQualits (20180402161249)
  [1m[35m (0.2ms)[0m  [1m[35mBEGIN[0m
  [1m[35m (4.8ms)[0m  [1m[35mCREATE TABLE "ctrl_qualits" ("id" bigserial primary key, "cquality_value" float, "cquality_date" character varying, "sub_cat_ctrl_qualit_id" bigint, "product_id" bigint, "created_at" timestamp NOT NULL, "updated_at" timestamp NOT NULL, CONSTRAINT "fk_rails_c00642aabb"
FOREIGN KEY ("sub_cat_ctrl_qualit_id")
  REFERENCES "sub_cat_ctrl_qualits" ("id")
, CONSTRAINT "fk_rails_830c4b489c"
FOREIGN KEY ("product_id")
  REFERENCES "products" ("id")
)[0m
  [1m[35m (1.6ms)[0m  [1m[35mCREATE  INDEX  "index_ctrl_qualits_on_sub_cat_ctrl_qualit_id" ON "ctrl_qualits"  ("sub_cat_ctrl_qualit_id")[0m
  [1m[35m (1.3ms)[0m  [1m[35mCREATE  INDEX  "index_ctrl_qualits_on_product_id" ON "ctrl_qualits"  ("product_id")[0m
  [1m[35mSQL (0.5ms)[0m  [1m[32mINSERT INTO "schema_migrations" ("version") VALUES ($1) RETURNING "version"[0m  [["version", "20180402161249"]]
  [1m[35m (1.3ms)[0m  [1m[35mCOMMIT[0m
Migrating to CreateEndFactors (20180402161250)
  [1m[35m (0.2ms)[0m  [1m[35mBEGIN[0m
  [1m[35m (7.8ms)[0m  [1m[35mCREATE TABLE "end_factors" ("id" bigserial primary key, "efactory_country" character varying, "efactory_state" character varying, "efactory_city" character varying, "efactory_burgh" character varying, "efactory_street" character varying, "efactory_zipcode" character varying, "efactory_longitude" character varying, "efactory_latitude" character varying, "created_at" timestamp NOT NULL, "updated_at" timestamp NOT NULL)[0m
  [1m[35mSQL (3.0ms)[0m  [1m[32mINSERT INTO "schema_migrations" ("version") VALUES ($1) RETURNING "version"[0m  [["version", "20180402161250"]]
  [1m[35m (1.3ms)[0m  [1m[35mCOMMIT[0m
Migrating to CreateFacContacts (20180402161251)
  [1m[35m (0.4ms)[0m  [1m[35mBEGIN[0m
  [1m[35m (6.6ms)[0m  [1m[35mCREATE TABLE "fac_contacts" ("id" bigserial primary key, "fcontact_name" character varying, "fcontact_mail" character varying, "fcontact_tel" character varying, "fcontact_cel" character varying, "fcontact_hours" character varying, "fcontact_status" boolean, "midia_id" bigint, "end_factor_id" bigint, "created_at" timestamp NOT NULL, "updated_at" timestamp NOT NULL, CONSTRAINT "fk_rails_08dc1ff666"
FOREIGN KEY ("midia_id")
  REFERENCES "midia" ("id")
, CONSTRAINT "fk_rails_87165ee7a1"
FOREIGN KEY ("end_factor_id")
  REFERENCES "end_factors" ("id")
)[0m
  [1m[35m (1.6ms)[0m  [1m[35mCREATE  INDEX  "index_fac_contacts_on_midia_id" ON "fac_contacts"  ("midia_id")[0m
  [1m[35m (1.3ms)[0m  [1m[35mCREATE  INDEX  "index_fac_contacts_on_end_factor_id" ON "fac_contacts"  ("end_factor_id")[0m
  [1m[35mSQL (0.4ms)[0m  [1m[32mINSERT INTO "schema_migrations" ("version") VALUES ($1) RETURNING "version"[0m  [["version", "20180402161251"]]
  [1m[35m (1.0ms)[0m  [1m[35mCOMMIT[0m
Migrating to CreateCompans (20180402161252)
  [1m[35m (0.2ms)[0m  [1m[35mBEGIN[0m
  [1m[35m (4.9ms)[0m  [1m[35mCREATE TABLE "compans" ("id" bigserial primary key, "company_name" character varying, "company_description" text, "midia_id" bigint, "fac_contact_id" bigint, "created_at" timestamp NOT NULL, "updated_at" timestamp NOT NULL, CONSTRAINT "fk_rails_846e65abfd"
FOREIGN KEY ("midia_id")
  REFERENCES "midia" ("id")
, CONSTRAINT "fk_rails_4653537b93"
FOREIGN KEY ("fac_contact_id")
  REFERENCES "fac_contacts" ("id")
)[0m
  [1m[35m (4.1ms)[0m  [1m[35mCREATE  INDEX  "index_compans_on_midia_id" ON "compans"  ("midia_id")[0m
  [1m[35m (5.7ms)[0m  [1m[35mCREATE  INDEX  "index_compans_on_fac_contact_id" ON "compans"  ("fac_contact_id")[0m
  [1m[35mSQL (0.8ms)[0m  [1m[32mINSERT INTO "schema_migrations" ("version") VALUES ($1) RETURNING "version"[0m  [["version", "20180402161252"]]
  [1m[35m (1.2ms)[0m  [1m[35mCOMMIT[0m
Migrating to CreateMenus (20180402161253)
  [1m[35m (0.2ms)[0m  [1m[35mBEGIN[0m
  [1m[35m (7.0ms)[0m  [1m[35mCREATE TABLE "menus" ("id" bigserial primary key, "menu_name" character varying, "menu_status" boolean, "created_at" timestamp NOT NULL, "updated_at" timestamp NOT NULL)[0m
  [1m[35mSQL (0.7ms)[0m  [1m[32mINSERT INTO "schema_migrations" ("version") VALUES ($1) RETURNING "version"[0m  [["version", "20180402161253"]]
  [1m[35m (1.0ms)[0m  [1m[35mCOMMIT[0m
Migrating to CreateSubMenus (20180402161254)
  [1m[35m (0.2ms)[0m  [1m[35mBEGIN[0m
  [1m[35m (5.0ms)[0m  [1m[35mCREATE TABLE "sub_menus" ("id" bigserial primary key, "smenu_name" character varying, "smenu_status" boolean, "menu_id" bigint, "created_at" timestamp NOT NULL, "updated_at" timestamp NOT NULL, CONSTRAINT "fk_rails_7686ca569d"
FOREIGN KEY ("menu_id")
  REFERENCES "menus" ("id")
)[0m
  [1m[35m (2.1ms)[0m  [1m[35mCREATE  INDEX  "index_sub_menus_on_menu_id" ON "sub_menus"  ("menu_id")[0m
  [1m[35mSQL (0.4ms)[0m  [1m[32mINSERT INTO "schema_migrations" ("version") VALUES ($1) RETURNING "version"[0m  [["version", "20180402161254"]]
  [1m[35m (1.1ms)[0m  [1m[35mCOMMIT[0m
Migrating to CreateUsers (20180402161255)
  [1m[35m (2.3ms)[0m  [1m[35mBEGIN[0m
  [1m[35m (12.0ms)[0m  [1m[35mCREATE TABLE "users" ("id" bigserial primary key, "user_fname" character varying, "user_lname" character varying, "user_departament" character varying, "compan_id" bigint, "accessp_id" bigint, "created_at" timestamp NOT NULL, "updated_at" timestamp NOT NULL, CONSTRAINT "fk_rails_19ec7633a2"
FOREIGN KEY ("compan_id")
  REFERENCES "compans" ("id")
, CONSTRAINT "fk_rails_7e52bc725c"
FOREIGN KEY ("accessp_id")
  REFERENCES "accessps" ("id")
)[0m
  [1m[35m (1.6ms)[0m  [1m[35mCREATE  INDEX  "index_users_on_compan_id" ON "users"  ("compan_id")[0m
  [1m[35m (1.5ms)[0m  [1m[35mCREATE  INDEX  "index_users_on_accessp_id" ON "users"  ("accessp_id")[0m
  [1m[35mSQL (0.4ms)[0m  [1m[32mINSERT INTO "schema_migrations" ("version") VALUES ($1) RETURNING "version"[0m  [["version", "20180402161255"]]
  [1m[35m (0.9ms)[0m  [1m[35mCOMMIT[0m
Migrating to CreateCores (20180402161256)
  [1m[35m (0.4ms)[0m  [1m[35mBEGIN[0m
  [1m[35m (17.2ms)[0m  [1m[35mCREATE TABLE "cores" ("id" bigserial primary key, "core_title" character varying, "core_description" text, "midia_id" bigint, "menu_id" bigint, "user_id" bigint, "created_at" timestamp NOT NULL, "updated_at" timestamp NOT NULL, CONSTRAINT "fk_rails_16a8e79a76"
FOREIGN KEY ("midia_id")
  REFERENCES "midia" ("id")
, CONSTRAINT "fk_rails_fff744b5b6"
FOREIGN KEY ("menu_id")
  REFERENCES "menus" ("id")
, CONSTRAINT "fk_rails_b108ddf000"
FOREIGN KEY ("user_id")
  REFERENCES "users" ("id")
)[0m
  [1m[35m (1.9ms)[0m  [1m[35mCREATE  INDEX  "index_cores_on_midia_id" ON "cores"  ("midia_id")[0m
  [1m[35m (6.8ms)[0m  [1m[35mCREATE  INDEX  "index_cores_on_menu_id" ON "cores"  ("menu_id")[0m
  [1m[35m (2.7ms)[0m  [1m[35mCREATE  INDEX  "index_cores_on_user_id" ON "cores"  ("user_id")[0m
  [1m[35mSQL (0.9ms)[0m  [1m[32mINSERT INTO "schema_migrations" ("version") VALUES ($1) RETURNING "version"[0m  [["version", "20180402161256"]]
  [1m[35m (1.3ms)[0m  [1m[35mCOMMIT[0m
Migrating to CreateShippingEmails (20180402161257)
  [1m[35m (0.3ms)[0m  [1m[35mBEGIN[0m
  [1m[35m (14.4ms)[0m  [1m[35mCREATE TABLE "shipping_emails" ("id" bigserial primary key, "semail_port" integer, "semail_host" character varying, "semail_ishtml" boolean, "semail_mailer" character varying, "semail_smtp_secure" character varying, "semail_user" character varying, "semail_pass" character varying, "user_id" bigint, "created_at" timestamp NOT NULL, "updated_at" timestamp NOT NULL, CONSTRAINT "fk_rails_d48196d39c"
FOREIGN KEY ("user_id")
  REFERENCES "users" ("id")
)[0m
  [1m[35m (4.8ms)[0m  [1m[35mCREATE  INDEX  "index_shipping_emails_on_user_id" ON "shipping_emails"  ("user_id")[0m
  [1m[35mSQL (0.8ms)[0m  [1m[32mINSERT INTO "schema_migrations" ("version") VALUES ($1) RETURNING "version"[0m  [["version", "20180402161257"]]
  [1m[35m (2.5ms)[0m  [1m[35mCOMMIT[0m
Migrating to CreateBeClients (20180402161258)
  [1m[35m (2.6ms)[0m  [1m[35mBEGIN[0m
  [1m[35m (6.8ms)[0m  [1m[35mCREATE TABLE "be_clients" ("id" bigserial primary key, "client_company_name" character varying, "client_cnpj" character varying, "client_contact_name" character varying, "client_mail" character varying, "client_state" character varying, "client_city" character varying, "client_tphone" character varying, "client_cphone" character varying, "client_came_to_us" character varying, "shipping_email_id" bigint, "created_at" timestamp NOT NULL, "updated_at" timestamp NOT NULL, CONSTRAINT "fk_rails_ffb46806cf"
FOREIGN KEY ("shipping_email_id")
  REFERENCES "shipping_emails" ("id")
)[0m
  [1m[35m (1.4ms)[0m  [1m[35mCREATE  INDEX  "index_be_clients_on_shipping_email_id" ON "be_clients"  ("shipping_email_id")[0m
  [1m[35mSQL (0.5ms)[0m  [1m[32mINSERT INTO "schema_migrations" ("version") VALUES ($1) RETURNING "version"[0m  [["version", "20180402161258"]]
  [1m[35m (1.0ms)[0m  [1m[35mCOMMIT[0m
Migrating to CreateContactUs (20180402161259)
  [1m[35m (0.3ms)[0m  [1m[35mBEGIN[0m
  [1m[35m (4.4ms)[0m  [1m[35mCREATE TABLE "contact_us" ("id" bigserial primary key, "contact_fname" character varying, "contact_lname" character varying, "contact_mail" character varying, "contact_tphone" character varying, "contact_cphone" character varying, "contact_city" character varying, "contact_state" character varying, "contact_message" text, "shipping_email_id" bigint, "created_at" timestamp NOT NULL, "updated_at" timestamp NOT NULL, CONSTRAINT "fk_rails_aa33975eca"
FOREIGN KEY ("shipping_email_id")
  REFERENCES "shipping_emails" ("id")
)[0m
  [1m[35m (3.4ms)[0m  [1m[35mCREATE  INDEX  "index_contact_us_on_shipping_email_id" ON "contact_us"  ("shipping_email_id")[0m
  [1m[35mSQL (0.3ms)[0m  [1m[32mINSERT INTO "schema_migrations" ("version") VALUES ($1) RETURNING "version"[0m  [["version", "20180402161259"]]
  [1m[35m (2.6ms)[0m  [1m[35mCOMMIT[0m
Migrating to CreateWorks (20180402161260)
  [1m[35m (0.5ms)[0m  [1m[35mBEGIN[0m
  [1m[35m (7.2ms)[0m  [1m[35mCREATE TABLE "works" ("id" bigserial primary key, "work_title" character varying, "work_description" text, "end_factor_id" bigint, "user_id" bigint, "created_at" timestamp NOT NULL, "updated_at" timestamp NOT NULL, CONSTRAINT "fk_rails_16f97f0c34"
FOREIGN KEY ("end_factor_id")
  REFERENCES "end_factors" ("id")
, CONSTRAINT "fk_rails_2d4237af37"
FOREIGN KEY ("user_id")
  REFERENCES "users" ("id")
)[0m
  [1m[35m (1.6ms)[0m  [1m[35mCREATE  INDEX  "index_works_on_end_factor_id" ON "works"  ("end_factor_id")[0m
  [1m[35m (1.3ms)[0m  [1m[35mCREATE  INDEX  "index_works_on_user_id" ON "works"  ("user_id")[0m
  [1m[35mSQL (0.3ms)[0m  [1m[32mINSERT INTO "schema_migrations" ("version") VALUES ($1) RETURNING "version"[0m  [["version", "20180402161260"]]
  [1m[35m (0.8ms)[0m  [1m[35mCOMMIT[0m
Migrating to CreateCandidateWorks (20180402161261)
  [1m[35m (0.2ms)[0m  [1m[35mBEGIN[0m
  [1m[35m (13.7ms)[0m  [1m[35mCREATE TABLE "candidate_works" ("id" bigserial primary key, "cwork_fname" character varying, "cwork_lname" character varying, "cwork_cep" character varying, "cwork_state" character varying, "cwork_city" character varying, "cwork_burgh" character varying, "cwork_street" character varying, "cwork_num" character varying, "cwork_complement" character varying, "cwork_gender" character varying, "cwork_mail" character varying, "cwork_tphone" character varying, "cwork_cphone" character varying, "work_id" bigint, "created_at" timestamp NOT NULL, "updated_at" timestamp NOT NULL, CONSTRAINT "fk_rails_37c528a02e"
FOREIGN KEY ("work_id")
  REFERENCES "works" ("id")
)[0m
  [1m[35m (1.9ms)[0m  [1m[35mCREATE  INDEX  "index_candidate_works_on_work_id" ON "candidate_works"  ("work_id")[0m
  [1m[35mSQL (0.3ms)[0m  [1m[32mINSERT INTO "schema_migrations" ("version") VALUES ($1) RETURNING "version"[0m  [["version", "20180402161261"]]
  [1m[35m (1.8ms)[0m  [1m[35mCOMMIT[0m
  [1m[36mActiveRecord::InternalMetadata Load (2.3ms)[0m  [1m[34mSELECT  "ar_internal_metadata".* FROM "ar_internal_metadata" WHERE "ar_internal_metadata"."key" = $1 LIMIT $2[0m  [["key", "environment"], ["LIMIT", 1]]
  [1m[35m (0.2ms)[0m  [1m[35mBEGIN[0m
  [1m[35mSQL (0.9ms)[0m  [1m[32mINSERT INTO "ar_internal_metadata" ("key", "value", "created_at", "updated_at") VALUES ($1, $2, $3, $4) RETURNING "key"[0m  [["key", "environment"], ["value", "development"], ["created_at", "2018-04-02 16:14:06.331146"], ["updated_at", "2018-04-02 16:14:06.331146"]]
  [1m[35m (0.6ms)[0m  [1m[35mCOMMIT[0m
  [1m[35m (0.3ms)[0m  [1m[34mSELECT pg_advisory_unlock(1514800627635587250)[0m
  [1m[35m (1.1ms)[0m  [1m[34mSELECT "schema_migrations"."version" FROM "schema_migrations" ORDER BY "schema_migrations"."version" ASC[0m
  [1m[36mWork Load (0.7ms)[0m  [1m[34mSELECT  "works".* FROM "works" LIMIT $1[0m  [["LIMIT", 11]]
  [1m[35m (6.3ms)[0m  [1m[34mSELECT pg_try_advisory_lock(1514800627635587250)[0m
  [1m[35m (0.8ms)[0m  [1m[34mSELECT "schema_migrations"."version" FROM "schema_migrations" ORDER BY "schema_migrations"."version" ASC[0m
Migrating to AddWorkNameToWork (20180402162655)
  [1m[35m (1.2ms)[0m  [1m[35mBEGIN[0m
  [1m[35m (6.0ms)[0m  [1m[35mALTER TABLE "works" ADD "work_name" character varying[0m
  [1m[35mSQL (2.8ms)[0m  [1m[32mINSERT INTO "schema_migrations" ("version") VALUES ($1) RETURNING "version"[0m  [["version", "20180402162655"]]
  [1m[35m (2.1ms)[0m  [1m[35mCOMMIT[0m
  [1m[36mActiveRecord::InternalMetadata Load (0.8ms)[0m  [1m[34mSELECT  "ar_internal_metadata".* FROM "ar_internal_metadata" WHERE "ar_internal_metadata"."key" = $1 LIMIT $2[0m  [["key", "environment"], ["LIMIT", 1]]
  [1m[35m (2.5ms)[0m  [1m[35mBEGIN[0m
  [1m[35m (5.5ms)[0m  [1m[35mCOMMIT[0m
  [1m[35m (0.5ms)[0m  [1m[34mSELECT pg_advisory_unlock(1514800627635587250)[0m
  [1m[35m (0.3ms)[0m  [1m[34mSELECT "schema_migrations"."version" FROM "schema_migrations" ORDER BY "schema_migrations"."version" ASC[0m
  [1m[35m (0.6ms)[0m  [1m[34mSELECT "schema_migrations"."version" FROM "schema_migrations" ORDER BY "schema_migrations"."version" ASC[0m
  [1m[35m (0.4ms)[0m  [1m[34mSELECT "ar_internal_metadata"."value" FROM "ar_internal_metadata" WHERE "ar_internal_metadata"."key" = $1[0m  [["key", "environment"]]
  [1m[35m (0.3ms)[0m  [1m[34mSELECT "schema_migrations"."version" FROM "schema_migrations" ORDER BY "schema_migrations"."version" ASC[0m
  [1m[35m (0.2ms)[0m  [1m[34mSELECT "ar_internal_metadata"."value" FROM "ar_internal_metadata" WHERE "ar_internal_metadata"."key" = $1[0m  [["key", "environment"]]
  [1m[35m (0.2ms)[0m  [1m[34mSELECT "schema_migrations"."version" FROM "schema_migrations" ORDER BY "schema_migrations"."version" ASC[0m
  [1m[35m (0.3ms)[0m  [1m[34mSELECT "ar_internal_metadata"."value" FROM "ar_internal_metadata" WHERE "ar_internal_metadata"."key" = $1[0m  [["key", "environment"]]
  [1m[35m (120.6ms)[0m  [1m[35mDROP DATABASE IF EXISTS "site_development"[0m
  [1m[35m (117.5ms)[0m  [1m[35mDROP DATABASE IF EXISTS "site_test"[0m
  [1m[35m (156.0ms)[0m  [1m[35mCREATE DATABASE "site_development" ENCODING = 'unicode'[0m
  [1m[35m (284.1ms)[0m  [1m[35mCREATE DATABASE "site_test" ENCODING = 'unicode'[0m
  [1m[35m (7.1ms)[0m  [1m[35mCREATE TABLE "schema_migrations" ("version" character varying NOT NULL PRIMARY KEY)[0m
  [1m[35m (4.1ms)[0m  [1m[35mCREATE TABLE "ar_internal_metadata" ("key" character varying NOT NULL PRIMARY KEY, "value" character varying, "created_at" timestamp NOT NULL, "updated_at" timestamp NOT NULL)[0m
  [1m[35m (0.2ms)[0m  [1m[34mSELECT pg_try_advisory_lock(1514800627635587250)[0m
  [1m[35m (0.5ms)[0m  [1m[34mSELECT "schema_migrations"."version" FROM "schema_migrations" ORDER BY "schema_migrations"."version" ASC[0m
Migrating to CreateAccessps (20180402161240)
  [1m[35m (0.1ms)[0m  [1m[35mBEGIN[0m
  [1m[35m (4.8ms)[0m  [1m[35mCREATE TABLE "accessps" ("id" bigserial primary key, "accessp_name" character varying, "created_at" timestamp NOT NULL, "updated_at" timestamp NOT NULL)[0m
  [1m[35mSQL (0.4ms)[0m  [1m[32mINSERT INTO "schema_migrations" ("version") VALUES ($1) RETURNING "version"[0m  [["version", "20180402161240"]]
  [1m[35m (1.1ms)[0m  [1m[35mCOMMIT[0m
Migrating to CreateTypeMidia (20180402161241)
  [1m[35m (0.2ms)[0m  [1m[35mBEGIN[0m
  [1m[35m (4.1ms)[0m  [1m[35mCREATE TABLE "type_midia" ("id" bigserial primary key, "tmidia_name" character varying, "created_at" timestamp NOT NULL, "updated_at" timestamp NOT NULL)[0m
  [1m[35mSQL (0.4ms)[0m  [1m[32mINSERT INTO "schema_migrations" ("version") VALUES ($1) RETURNING "version"[0m  [["version", "20180402161241"]]
  [1m[35m (0.8ms)[0m  [1m[35mCOMMIT[0m
Migrating to CreateMidia (20180402161242)
  [1m[35m (0.2ms)[0m  [1m[35mBEGIN[0m
  [1m[35m (12.5ms)[0m  [1m[35mCREATE TABLE "midia" ("id" bigserial primary key, "midia_name" character varying, "midia_date" character varying, "midia_url" character varying, "type_midia_id" bigint, "created_at" timestamp NOT NULL, "updated_at" timestamp NOT NULL, CONSTRAINT "fk_rails_3ddedeb070"
FOREIGN KEY ("type_midia_id")
  REFERENCES "type_midia" ("id")
)[0m
  [1m[35m (1.7ms)[0m  [1m[35mCREATE  INDEX  "index_midia_on_type_midia_id" ON "midia"  ("type_midia_id")[0m
  [1m[35mSQL (0.3ms)[0m  [1m[32mINSERT INTO "schema_migrations" ("version") VALUES ($1) RETURNING "version"[0m  [["version", "20180402161242"]]
  [1m[35m (0.8ms)[0m  [1m[35mCOMMIT[0m
Migrating to CreateSocials (20180402161243)
  [1m[35m (0.1ms)[0m  [1m[35mBEGIN[0m
  [1m[35m (4.5ms)[0m  [1m[35mCREATE TABLE "socials" ("id" bigserial primary key, "social_name" character varying, "social_link" character varying, "social_status" boolean, "midia_id" bigint, "created_at" timestamp NOT NULL, "updated_at" timestamp NOT NULL, CONSTRAINT "fk_rails_9e5b2af638"
FOREIGN KEY ("midia_id")
  REFERENCES "midia" ("id")
)[0m
  [1m[35m (1.5ms)[0m  [1m[35mCREATE  INDEX  "index_socials_on_midia_id" ON "socials"  ("midia_id")[0m
  [1m[35mSQL (0.4ms)[0m  [1m[32mINSERT INTO "schema_migrations" ("version") VALUES ($1) RETURNING "version"[0m  [["version", "20180402161243"]]
  [1m[35m (0.8ms)[0m  [1m[35mCOMMIT[0m
Migrating to CreateApps (20180402161244)
  [1m[35m (0.1ms)[0m  [1m[35mBEGIN[0m
  [1m[35m (10.4ms)[0m  [1m[35mCREATE TABLE "apps" ("id" bigserial primary key, "app_name" character varying, "created_at" timestamp NOT NULL, "updated_at" timestamp NOT NULL)[0m
  [1m[35mSQL (0.7ms)[0m  [1m[32mINSERT INTO "schema_migrations" ("version") VALUES ($1) RETURNING "version"[0m  [["version", "20180402161244"]]
  [1m[35m (0.7ms)[0m  [1m[35mCOMMIT[0m
Migrating to CreateProducts (20180402161245)
  [1m[35m (0.1ms)[0m  [1m[35mBEGIN[0m
  [1m[35m (4.5ms)[0m  [1m[35mCREATE TABLE "products" ("id" bigserial primary key, "product_name" character varying, "product_description" text, "product_status" boolean, "midia_id" bigint, "created_at" timestamp NOT NULL, "updated_at" timestamp NOT NULL, CONSTRAINT "fk_rails_1afb9991f5"
FOREIGN KEY ("midia_id")
  REFERENCES "midia" ("id")
)[0m
  [1m[35m (1.5ms)[0m  [1m[35mCREATE  INDEX  "index_products_on_midia_id" ON "products"  ("midia_id")[0m
  [1m[35mSQL (0.4ms)[0m  [1m[32mINSERT INTO "schema_migrations" ("version") VALUES ($1) RETURNING "version"[0m  [["version", "20180402161245"]]
  [1m[35m (1.2ms)[0m  [1m[35mCOMMIT[0m
Migrating to CreateAppProducts (20180402161246)
  [1m[35m (0.2ms)[0m  [1m[35mBEGIN[0m
  [1m[35m (4.8ms)[0m  [1m[35mCREATE TABLE "app_products" ("id" bigserial primary key, "aproduct_status" character varying, "product_id" bigint, "app_id" bigint, "created_at" timestamp NOT NULL, "updated_at" timestamp NOT NULL, CONSTRAINT "fk_rails_8b75bd969c"
FOREIGN KEY ("product_id")
  REFERENCES "products" ("id")
, CONSTRAINT "fk_rails_22915bca10"
FOREIGN KEY ("app_id")
  REFERENCES "apps" ("id")
)[0m
  [1m[35m (3.5ms)[0m  [1m[35mCREATE  INDEX  "index_app_products_on_product_id" ON "app_products"  ("product_id")[0m
  [1m[35m (2.0ms)[0m  [1m[35mCREATE  INDEX  "index_app_products_on_app_id" ON "app_products"  ("app_id")[0m
  [1m[35mSQL (0.4ms)[0m  [1m[32mINSERT INTO "schema_migrations" ("version") VALUES ($1) RETURNING "version"[0m  [["version", "20180402161246"]]
  [1m[35m (0.8ms)[0m  [1m[35mCOMMIT[0m
Migrating to CreateCatCtrlQualits (20180402161247)
  [1m[35m (0.2ms)[0m  [1m[35mBEGIN[0m
  [1m[35m (5.1ms)[0m  [1m[35mCREATE TABLE "cat_ctrl_qualits" ("id" bigserial primary key, "ccquality_name" character varying, "created_at" timestamp NOT NULL, "updated_at" timestamp NOT NULL)[0m
  [1m[35mSQL (0.5ms)[0m  [1m[32mINSERT INTO "schema_migrations" ("version") VALUES ($1) RETURNING "version"[0m  [["version", "20180402161247"]]
  [1m[35m (1.2ms)[0m  [1m[35mCOMMIT[0m
Migrating to CreateSubCatCtrlQualits (20180402161248)
  [1m[35m (0.1ms)[0m  [1m[35mBEGIN[0m
  [1m[35m (5.0ms)[0m  [1m[35mCREATE TABLE "sub_cat_ctrl_qualits" ("id" bigserial primary key, "sccquality_name" character varying, "cat_ctrl_qualit_id" bigint, "created_at" timestamp NOT NULL, "updated_at" timestamp NOT NULL, CONSTRAINT "fk_rails_467a5554b8"
FOREIGN KEY ("cat_ctrl_qualit_id")
  REFERENCES "cat_ctrl_qualits" ("id")
)[0m
  [1m[35m (1.4ms)[0m  [1m[35mCREATE  INDEX  "index_sub_cat_ctrl_qualits_on_cat_ctrl_qualit_id" ON "sub_cat_ctrl_qualits"  ("cat_ctrl_qualit_id")[0m
  [1m[35mSQL (0.3ms)[0m  [1m[32mINSERT INTO "schema_migrations" ("version") VALUES ($1) RETURNING "version"[0m  [["version", "20180402161248"]]
  [1m[35m (0.7ms)[0m  [1m[35mCOMMIT[0m
Migrating to CreateCtrlQualits (20180402161249)
  [1m[35m (0.2ms)[0m  [1m[35mBEGIN[0m
  [1m[35m (10.7ms)[0m  [1m[35mCREATE TABLE "ctrl_qualits" ("id" bigserial primary key, "cquality_value" float, "cquality_date" character varying, "sub_cat_ctrl_qualit_id" bigint, "product_id" bigint, "created_at" timestamp NOT NULL, "updated_at" timestamp NOT NULL, CONSTRAINT "fk_rails_c00642aabb"
FOREIGN KEY ("sub_cat_ctrl_qualit_id")
  REFERENCES "sub_cat_ctrl_qualits" ("id")
, CONSTRAINT "fk_rails_830c4b489c"
FOREIGN KEY ("product_id")
  REFERENCES "products" ("id")
)[0m
  [1m[35m (2.7ms)[0m  [1m[35mCREATE  INDEX  "index_ctrl_qualits_on_sub_cat_ctrl_qualit_id" ON "ctrl_qualits"  ("sub_cat_ctrl_qualit_id")[0m
  [1m[35m (1.5ms)[0m  [1m[35mCREATE  INDEX  "index_ctrl_qualits_on_product_id" ON "ctrl_qualits"  ("product_id")[0m
  [1m[35mSQL (0.4ms)[0m  [1m[32mINSERT INTO "schema_migrations" ("version") VALUES ($1) RETURNING "version"[0m  [["version", "20180402161249"]]
  [1m[35m (0.9ms)[0m  [1m[35mCOMMIT[0m
Migrating to CreateEndFactors (20180402161250)
  [1m[35m (0.1ms)[0m  [1m[35mBEGIN[0m
  [1m[35m (5.4ms)[0m  [1m[35mCREATE TABLE "end_factors" ("id" bigserial primary key, "efactory_country" character varying, "efactory_state" character varying, "efactory_city" character varying, "efactory_burgh" character varying, "efactory_street" character varying, "efactory_zipcode" character varying, "efactory_longitude" character varying, "efactory_latitude" character varying, "created_at" timestamp NOT NULL, "updated_at" timestamp NOT NULL)[0m
  [1m[35mSQL (0.7ms)[0m  [1m[32mINSERT INTO "schema_migrations" ("version") VALUES ($1) RETURNING "version"[0m  [["version", "20180402161250"]]
  [1m[35m (0.7ms)[0m  [1m[35mCOMMIT[0m
Migrating to CreateFacContacts (20180402161251)
  [1m[35m (0.1ms)[0m  [1m[35mBEGIN[0m
  [1m[35m (18.5ms)[0m  [1m[35mCREATE TABLE "fac_contacts" ("id" bigserial primary key, "fcontact_name" character varying, "fcontact_mail" character varying, "fcontact_tel" character varying, "fcontact_cel" character varying, "fcontact_hours" character varying, "fcontact_status" boolean, "midia_id" bigint, "end_factor_id" bigint, "created_at" timestamp NOT NULL, "updated_at" timestamp NOT NULL, CONSTRAINT "fk_rails_08dc1ff666"
FOREIGN KEY ("midia_id")
  REFERENCES "midia" ("id")
, CONSTRAINT "fk_rails_87165ee7a1"
FOREIGN KEY ("end_factor_id")
  REFERENCES "end_factors" ("id")
)[0m
  [1m[35m (2.9ms)[0m  [1m[35mCREATE  INDEX  "index_fac_contacts_on_midia_id" ON "fac_contacts"  ("midia_id")[0m
  [1m[35m (1.5ms)[0m  [1m[35mCREATE  INDEX  "index_fac_contacts_on_end_factor_id" ON "fac_contacts"  ("end_factor_id")[0m
  [1m[35mSQL (0.4ms)[0m  [1m[32mINSERT INTO "schema_migrations" ("version") VALUES ($1) RETURNING "version"[0m  [["version", "20180402161251"]]
  [1m[35m (1.0ms)[0m  [1m[35mCOMMIT[0m
Migrating to CreateCompans (20180402161252)
  [1m[35m (0.2ms)[0m  [1m[35mBEGIN[0m
  [1m[35m (6.7ms)[0m  [1m[35mCREATE TABLE "compans" ("id" bigserial primary key, "company_name" character varying, "company_description" text, "midia_id" bigint, "fac_contact_id" bigint, "created_at" timestamp NOT NULL, "updated_at" timestamp NOT NULL, CONSTRAINT "fk_rails_846e65abfd"
FOREIGN KEY ("midia_id")
  REFERENCES "midia" ("id")
, CONSTRAINT "fk_rails_4653537b93"
FOREIGN KEY ("fac_contact_id")
  REFERENCES "fac_contacts" ("id")
)[0m
  [1m[35m (6.2ms)[0m  [1m[35mCREATE  INDEX  "index_compans_on_midia_id" ON "compans"  ("midia_id")[0m
  [1m[35m (2.1ms)[0m  [1m[35mCREATE  INDEX  "index_compans_on_fac_contact_id" ON "compans"  ("fac_contact_id")[0m
  [1m[35mSQL (1.6ms)[0m  [1m[32mINSERT INTO "schema_migrations" ("version") VALUES ($1) RETURNING "version"[0m  [["version", "20180402161252"]]
  [1m[35m (2.1ms)[0m  [1m[35mCOMMIT[0m
Migrating to CreateMenus (20180402161253)
  [1m[35m (0.3ms)[0m  [1m[35mBEGIN[0m
  [1m[35m (6.8ms)[0m  [1m[35mCREATE TABLE "menus" ("id" bigserial primary key, "menu_name" character varying, "menu_status" boolean, "created_at" timestamp NOT NULL, "updated_at" timestamp NOT NULL)[0m
  [1m[35mSQL (0.3ms)[0m  [1m[32mINSERT INTO "schema_migrations" ("version") VALUES ($1) RETURNING "version"[0m  [["version", "20180402161253"]]
  [1m[35m (1.2ms)[0m  [1m[35mCOMMIT[0m
Migrating to CreateSubMenus (20180402161254)
  [1m[35m (0.2ms)[0m  [1m[35mBEGIN[0m
  [1m[35m (4.5ms)[0m  [1m[35mCREATE TABLE "sub_menus" ("id" bigserial primary key, "smenu_name" character varying, "smenu_status" boolean, "menu_id" bigint, "created_at" timestamp NOT NULL, "updated_at" timestamp NOT NULL, CONSTRAINT "fk_rails_7686ca569d"
FOREIGN KEY ("menu_id")
  REFERENCES "menus" ("id")
)[0m
  [1m[35m (2.7ms)[0m  [1m[35mCREATE  INDEX  "index_sub_menus_on_menu_id" ON "sub_menus"  ("menu_id")[0m
  [1m[35mSQL (0.4ms)[0m  [1m[32mINSERT INTO "schema_migrations" ("version") VALUES ($1) RETURNING "version"[0m  [["version", "20180402161254"]]
  [1m[35m (0.9ms)[0m  [1m[35mCOMMIT[0m
Migrating to CreateUsers (20180402161255)
  [1m[35m (0.2ms)[0m  [1m[35mBEGIN[0m
  [1m[35m (12.2ms)[0m  [1m[35mCREATE TABLE "users" ("id" bigserial primary key, "user_fname" character varying, "user_lname" character varying, "user_departament" character varying, "compan_id" bigint, "accessp_id" bigint, "created_at" timestamp NOT NULL, "updated_at" timestamp NOT NULL, CONSTRAINT "fk_rails_19ec7633a2"
FOREIGN KEY ("compan_id")
  REFERENCES "compans" ("id")
, CONSTRAINT "fk_rails_7e52bc725c"
FOREIGN KEY ("accessp_id")
  REFERENCES "accessps" ("id")
)[0m
  [1m[35m (2.9ms)[0m  [1m[35mCREATE  INDEX  "index_users_on_compan_id" ON "users"  ("compan_id")[0m
  [1m[35m (2.7ms)[0m  [1m[35mCREATE  INDEX  "index_users_on_accessp_id" ON "users"  ("accessp_id")[0m
  [1m[35mSQL (0.9ms)[0m  [1m[32mINSERT INTO "schema_migrations" ("version") VALUES ($1) RETURNING "version"[0m  [["version", "20180402161255"]]
  [1m[35m (1.0ms)[0m  [1m[35mCOMMIT[0m
Migrating to CreateCores (20180402161256)
  [1m[35m (0.2ms)[0m  [1m[35mBEGIN[0m
  [1m[35m (5.4ms)[0m  [1m[35mCREATE TABLE "cores" ("id" bigserial primary key, "core_title" character varying, "core_description" text, "midia_id" bigint, "menu_id" bigint, "user_id" bigint, "created_at" timestamp NOT NULL, "updated_at" timestamp NOT NULL, CONSTRAINT "fk_rails_16a8e79a76"
FOREIGN KEY ("midia_id")
  REFERENCES "midia" ("id")
, CONSTRAINT "fk_rails_fff744b5b6"
FOREIGN KEY ("menu_id")
  REFERENCES "menus" ("id")
, CONSTRAINT "fk_rails_b108ddf000"
FOREIGN KEY ("user_id")
  REFERENCES "users" ("id")
)[0m
  [1m[35m (1.8ms)[0m  [1m[35mCREATE  INDEX  "index_cores_on_midia_id" ON "cores"  ("midia_id")[0m
  [1m[35m (1.5ms)[0m  [1m[35mCREATE  INDEX  "index_cores_on_menu_id" ON "cores"  ("menu_id")[0m
  [1m[35m (6.9ms)[0m  [1m[35mCREATE  INDEX  "index_cores_on_user_id" ON "cores"  ("user_id")[0m
  [1m[35mSQL (0.3ms)[0m  [1m[32mINSERT INTO "schema_migrations" ("version") VALUES ($1) RETURNING "version"[0m  [["version", "20180402161256"]]
  [1m[35m (4.5ms)[0m  [1m[35mCOMMIT[0m
Migrating to CreateShippingEmails (20180402161257)
  [1m[35m (0.2ms)[0m  [1m[35mBEGIN[0m
  [1m[35m (7.5ms)[0m  [1m[35mCREATE TABLE "shipping_emails" ("id" bigserial primary key, "semail_port" integer, "semail_host" character varying, "semail_ishtml" boolean, "semail_mailer" character varying, "semail_smtp_secure" character varying, "semail_user" character varying, "semail_pass" character varying, "user_id" bigint, "created_at" timestamp NOT NULL, "updated_at" timestamp NOT NULL, CONSTRAINT "fk_rails_d48196d39c"
FOREIGN KEY ("user_id")
  REFERENCES "users" ("id")
)[0m
  [1m[35m (2.2ms)[0m  [1m[35mCREATE  INDEX  "index_shipping_emails_on_user_id" ON "shipping_emails"  ("user_id")[0m
  [1m[35mSQL (0.4ms)[0m  [1m[32mINSERT INTO "schema_migrations" ("version") VALUES ($1) RETURNING "version"[0m  [["version", "20180402161257"]]
  [1m[35m (0.9ms)[0m  [1m[35mCOMMIT[0m
Migrating to CreateBeClients (20180402161258)
  [1m[35m (0.2ms)[0m  [1m[35mBEGIN[0m
  [1m[35m (5.6ms)[0m  [1m[35mCREATE TABLE "be_clients" ("id" bigserial primary key, "client_company_name" character varying, "client_cnpj" character varying, "client_contact_name" character varying, "client_mail" character varying, "client_state" character varying, "client_city" character varying, "client_tphone" character varying, "client_cphone" character varying, "client_came_to_us" character varying, "shipping_email_id" bigint, "created_at" timestamp NOT NULL, "updated_at" timestamp NOT NULL, CONSTRAINT "fk_rails_ffb46806cf"
FOREIGN KEY ("shipping_email_id")
  REFERENCES "shipping_emails" ("id")
)[0m
  [1m[35m (1.6ms)[0m  [1m[35mCREATE  INDEX  "index_be_clients_on_shipping_email_id" ON "be_clients"  ("shipping_email_id")[0m
  [1m[35mSQL (0.4ms)[0m  [1m[32mINSERT INTO "schema_migrations" ("version") VALUES ($1) RETURNING "version"[0m  [["version", "20180402161258"]]
  [1m[35m (2.4ms)[0m  [1m[35mCOMMIT[0m
Migrating to CreateContactUs (20180402161259)
  [1m[35m (2.2ms)[0m  [1m[35mBEGIN[0m
  [1m[35m (5.6ms)[0m  [1m[35mCREATE TABLE "contact_us" ("id" bigserial primary key, "contact_fname" character varying, "contact_lname" character varying, "contact_mail" character varying, "contact_tphone" character varying, "contact_cphone" character varying, "contact_city" character varying, "contact_state" character varying, "contact_message" text, "shipping_email_id" bigint, "created_at" timestamp NOT NULL, "updated_at" timestamp NOT NULL, CONSTRAINT "fk_rails_aa33975eca"
FOREIGN KEY ("shipping_email_id")
  REFERENCES "shipping_emails" ("id")
)[0m
  [1m[35m (2.9ms)[0m  [1m[35mCREATE  INDEX  "index_contact_us_on_shipping_email_id" ON "contact_us"  ("shipping_email_id")[0m
  [1m[35mSQL (0.4ms)[0m  [1m[32mINSERT INTO "schema_migrations" ("version") VALUES ($1) RETURNING "version"[0m  [["version", "20180402161259"]]
  [1m[35m (1.0ms)[0m  [1m[35mCOMMIT[0m
Migrating to CreateWorks (20180402161260)
  [1m[35m (0.2ms)[0m  [1m[35mBEGIN[0m
  [1m[35m (5.7ms)[0m  [1m[35mCREATE TABLE "works" ("id" bigserial primary key, "work_title" character varying, "work_description" text, "end_factor_id" bigint, "user_id" bigint, "created_at" timestamp NOT NULL, "updated_at" timestamp NOT NULL, CONSTRAINT "fk_rails_16f97f0c34"
FOREIGN KEY ("end_factor_id")
  REFERENCES "end_factors" ("id")
, CONSTRAINT "fk_rails_2d4237af37"
FOREIGN KEY ("user_id")
  REFERENCES "users" ("id")
)[0m
  [1m[35m (1.5ms)[0m  [1m[35mCREATE  INDEX  "index_works_on_end_factor_id" ON "works"  ("end_factor_id")[0m
  [1m[35m (1.6ms)[0m  [1m[35mCREATE  INDEX  "index_works_on_user_id" ON "works"  ("user_id")[0m
  [1m[35mSQL (0.4ms)[0m  [1m[32mINSERT INTO "schema_migrations" ("version") VALUES ($1) RETURNING "version"[0m  [["version", "20180402161260"]]
  [1m[35m (0.9ms)[0m  [1m[35mCOMMIT[0m
Migrating to CreateCandidateWorks (20180402161261)
  [1m[35m (2.0ms)[0m  [1m[35mBEGIN[0m
  [1m[35m (11.2ms)[0m  [1m[35mCREATE TABLE "candidate_works" ("id" bigserial primary key, "cwork_fname" character varying, "cwork_lname" character varying, "cwork_cep" character varying, "cwork_state" character varying, "cwork_city" character varying, "cwork_burgh" character varying, "cwork_street" character varying, "cwork_num" character varying, "cwork_complement" character varying, "cwork_gender" character varying, "cwork_mail" character varying, "cwork_tphone" character varying, "cwork_cphone" character varying, "work_id" bigint, "created_at" timestamp NOT NULL, "updated_at" timestamp NOT NULL, CONSTRAINT "fk_rails_37c528a02e"
FOREIGN KEY ("work_id")
  REFERENCES "works" ("id")
)[0m
  [1m[35m (2.2ms)[0m  [1m[35mCREATE  INDEX  "index_candidate_works_on_work_id" ON "candidate_works"  ("work_id")[0m
  [1m[35mSQL (0.5ms)[0m  [1m[32mINSERT INTO "schema_migrations" ("version") VALUES ($1) RETURNING "version"[0m  [["version", "20180402161261"]]
  [1m[35m (1.2ms)[0m  [1m[35mCOMMIT[0m
  [1m[36mActiveRecord::InternalMetadata Load (0.5ms)[0m  [1m[34mSELECT  "ar_internal_metadata".* FROM "ar_internal_metadata" WHERE "ar_internal_metadata"."key" = $1 LIMIT $2[0m  [["key", "environment"], ["LIMIT", 1]]
  [1m[35m (0.3ms)[0m  [1m[35mBEGIN[0m
  [1m[35mSQL (0.6ms)[0m  [1m[32mINSERT INTO "ar_internal_metadata" ("key", "value", "created_at", "updated_at") VALUES ($1, $2, $3, $4) RETURNING "key"[0m  [["key", "environment"], ["value", "development"], ["created_at", "2018-04-02 16:34:02.849456"], ["updated_at", "2018-04-02 16:34:02.849456"]]
  [1m[35m (0.6ms)[0m  [1m[35mCOMMIT[0m
  [1m[35m (0.3ms)[0m  [1m[34mSELECT pg_advisory_unlock(1514800627635587250)[0m
  [1m[35m (0.4ms)[0m  [1m[34mSELECT "schema_migrations"."version" FROM "schema_migrations" ORDER BY "schema_migrations"."version" ASC[0m
